{"/Users/fabiangonzalez/Documents/oscar-dependency-observatory/oscar-dependency-observatory/frontend/src/App.tsx": {"path":"/Users/fabiangonzalez/Documents/oscar-dependency-observatory/oscar-dependency-observatory/frontend/src/App.tsx","all":false,"statementMap":{"0":{"start":{"line":1,"column":0},"end":{"line":1,"column":64}},"1":{"start":{"line":2,"column":0},"end":{"line":2,"column":73}},"3":{"start":{"line":4,"column":0},"end":{"line":4,"column":45}},"4":{"start":{"line":5,"column":0},"end":{"line":5,"column":50}},"5":{"start":{"line":6,"column":0},"end":{"line":6,"column":46}},"6":{"start":{"line":7,"column":0},"end":{"line":7,"column":38}},"7":{"start":{"line":8,"column":0},"end":{"line":8,"column":52}},"8":{"start":{"line":9,"column":0},"end":{"line":9,"column":56}},"9":{"start":{"line":10,"column":0},"end":{"line":10,"column":50}},"10":{"start":{"line":11,"column":0},"end":{"line":11,"column":58}},"11":{"start":{"line":12,"column":0},"end":{"line":12,"column":50}},"14":{"start":{"line":15,"column":0},"end":{"line":15,"column":37}},"15":{"start":{"line":16,"column":0},"end":{"line":16,"column":19}},"16":{"start":{"line":17,"column":0},"end":{"line":17,"column":14}},"17":{"start":{"line":18,"column":0},"end":{"line":18,"column":34}},"18":{"start":{"line":19,"column":0},"end":{"line":19,"column":59}},"19":{"start":{"line":20,"column":0},"end":{"line":20,"column":6}},"20":{"start":{"line":21,"column":0},"end":{"line":21,"column":4}},"21":{"start":{"line":22,"column":0},"end":{"line":22,"column":3}},"23":{"start":{"line":24,"column":0},"end":{"line":24,"column":16}},"24":{"start":{"line":25,"column":0},"end":{"line":25,"column":10}},"25":{"start":{"line":26,"column":0},"end":{"line":26,"column":46}},"26":{"start":{"line":27,"column":0},"end":{"line":27,"column":21}},"27":{"start":{"line":28,"column":0},"end":{"line":28,"column":16}},"28":{"start":{"line":29,"column":0},"end":{"line":29,"column":18}},"29":{"start":{"line":30,"column":0},"end":{"line":30,"column":58}},"30":{"start":{"line":31,"column":0},"end":{"line":31,"column":61}},"31":{"start":{"line":32,"column":0},"end":{"line":32,"column":61}},"32":{"start":{"line":33,"column":0},"end":{"line":33,"column":67}},"33":{"start":{"line":34,"column":0},"end":{"line":34,"column":66}},"34":{"start":{"line":35,"column":0},"end":{"line":35,"column":77}},"35":{"start":{"line":36,"column":0},"end":{"line":36,"column":77}},"36":{"start":{"line":37,"column":0},"end":{"line":37,"column":75}},"37":{"start":{"line":38,"column":0},"end":{"line":38,"column":19}},"38":{"start":{"line":39,"column":0},"end":{"line":39,"column":17}},"39":{"start":{"line":40,"column":0},"end":{"line":40,"column":22}},"40":{"start":{"line":41,"column":0},"end":{"line":41,"column":26}},"42":{"start":{"line":43,"column":0},"end":{"line":43,"column":1}},"44":{"start":{"line":45,"column":0},"end":{"line":45,"column":19}}},"s":{"0":1,"1":1,"3":1,"4":1,"5":1,"6":1,"7":1,"8":1,"9":1,"10":1,"11":1,"14":1,"15":1,"16":1,"17":1,"18":1,"19":1,"20":1,"21":1,"23":1,"24":1,"25":1,"26":1,"27":1,"28":1,"29":1,"30":1,"31":1,"32":1,"33":1,"34":1,"35":1,"36":1,"37":1,"38":1,"39":1,"40":1,"42":1,"44":1},"branchMap":{"0":{"type":"branch","line":24,"loc":{"start":{"line":24,"column":0},"end":{"line":43,"column":1}},"locations":[{"start":{"line":24,"column":0},"end":{"line":43,"column":1}}]}},"b":{"0":[1]},"fnMap":{"0":{"name":"App","decl":{"start":{"line":24,"column":0},"end":{"line":43,"column":1}},"loc":{"start":{"line":24,"column":0},"end":{"line":43,"column":1}},"line":24}},"f":{"0":1}}
,"/Users/fabiangonzalez/Documents/oscar-dependency-observatory/oscar-dependency-observatory/frontend/src/components/GraphCanvas.tsx": {"path":"/Users/fabiangonzalez/Documents/oscar-dependency-observatory/oscar-dependency-observatory/frontend/src/components/GraphCanvas.tsx","all":false,"statementMap":{"0":{"start":{"line":1,"column":0},"end":{"line":1,"column":50}},"1":{"start":{"line":2,"column":0},"end":{"line":2,"column":51}},"2":{"start":{"line":3,"column":0},"end":{"line":3,"column":34}},"18":{"start":{"line":19,"column":0},"end":{"line":19,"column":79}},"19":{"start":{"line":20,"column":0},"end":{"line":20,"column":52}},"20":{"start":{"line":21,"column":0},"end":{"line":21,"column":67}},"23":{"start":{"line":24,"column":0},"end":{"line":24,"column":34}},"24":{"start":{"line":25,"column":0},"end":{"line":25,"column":43}},"25":{"start":{"line":26,"column":0},"end":{"line":26,"column":13}},"26":{"start":{"line":27,"column":0},"end":{"line":27,"column":20}},"27":{"start":{"line":28,"column":0},"end":{"line":28,"column":42}},"28":{"start":{"line":29,"column":0},"end":{"line":29,"column":38}},"29":{"start":{"line":30,"column":0},"end":{"line":30,"column":7}},"30":{"start":{"line":31,"column":0},"end":{"line":31,"column":8}},"32":{"start":{"line":33,"column":0},"end":{"line":33,"column":43}},"33":{"start":{"line":34,"column":0},"end":{"line":34,"column":13}},"34":{"start":{"line":35,"column":0},"end":{"line":35,"column":28}},"35":{"start":{"line":36,"column":0},"end":{"line":36,"column":28}},"36":{"start":{"line":37,"column":0},"end":{"line":37,"column":55}},"37":{"start":{"line":38,"column":0},"end":{"line":38,"column":7}},"38":{"start":{"line":39,"column":0},"end":{"line":39,"column":8}},"40":{"start":{"line":41,"column":0},"end":{"line":41,"column":65}},"41":{"start":{"line":42,"column":0},"end":{"line":42,"column":13}},"44":{"start":{"line":45,"column":0},"end":{"line":45,"column":22}},"45":{"start":{"line":46,"column":0},"end":{"line":46,"column":5}},"46":{"start":{"line":47,"column":0},"end":{"line":47,"column":23}},"47":{"start":{"line":48,"column":0},"end":{"line":48,"column":14}},"48":{"start":{"line":49,"column":0},"end":{"line":49,"column":31}},"49":{"start":{"line":50,"column":0},"end":{"line":50,"column":43}},"50":{"start":{"line":51,"column":0},"end":{"line":51,"column":28}},"51":{"start":{"line":52,"column":0},"end":{"line":52,"column":32}},"52":{"start":{"line":53,"column":0},"end":{"line":53,"column":32}},"53":{"start":{"line":54,"column":0},"end":{"line":54,"column":38}},"54":{"start":{"line":55,"column":0},"end":{"line":55,"column":27}},"55":{"start":{"line":56,"column":0},"end":{"line":56,"column":34}},"56":{"start":{"line":57,"column":0},"end":{"line":57,"column":37}},"57":{"start":{"line":58,"column":0},"end":{"line":58,"column":20}},"58":{"start":{"line":59,"column":0},"end":{"line":59,"column":21}},"59":{"start":{"line":60,"column":0},"end":{"line":60,"column":7}},"60":{"start":{"line":61,"column":0},"end":{"line":61,"column":6}},"61":{"start":{"line":62,"column":0},"end":{"line":62,"column":5}},"62":{"start":{"line":63,"column":0},"end":{"line":63,"column":32}},"63":{"start":{"line":64,"column":0},"end":{"line":64,"column":14}},"64":{"start":{"line":65,"column":0},"end":{"line":65,"column":38}},"65":{"start":{"line":66,"column":0},"end":{"line":66,"column":20}},"66":{"start":{"line":67,"column":0},"end":{"line":67,"column":21}},"67":{"start":{"line":68,"column":0},"end":{"line":68,"column":30}},"68":{"start":{"line":69,"column":0},"end":{"line":69,"column":28}},"69":{"start":{"line":70,"column":0},"end":{"line":70,"column":27}},"70":{"start":{"line":71,"column":0},"end":{"line":71,"column":40}},"71":{"start":{"line":72,"column":0},"end":{"line":72,"column":22}},"72":{"start":{"line":73,"column":0},"end":{"line":73,"column":7}},"73":{"start":{"line":74,"column":0},"end":{"line":74,"column":6}},"74":{"start":{"line":75,"column":0},"end":{"line":75,"column":5}},"75":{"start":{"line":76,"column":0},"end":{"line":76,"column":23}},"76":{"start":{"line":77,"column":0},"end":{"line":77,"column":14}},"77":{"start":{"line":78,"column":0},"end":{"line":78,"column":77}},"78":{"start":{"line":79,"column":0},"end":{"line":79,"column":32}},"79":{"start":{"line":80,"column":0},"end":{"line":80,"column":40}},"80":{"start":{"line":81,"column":0},"end":{"line":81,"column":41}},"81":{"start":{"line":82,"column":0},"end":{"line":82,"column":32}},"82":{"start":{"line":83,"column":0},"end":{"line":83,"column":23}},"83":{"start":{"line":84,"column":0},"end":{"line":84,"column":7}},"84":{"start":{"line":85,"column":0},"end":{"line":85,"column":6}},"85":{"start":{"line":86,"column":0},"end":{"line":86,"column":5}},"87":{"start":{"line":88,"column":0},"end":{"line":88,"column":44}},"88":{"start":{"line":89,"column":0},"end":{"line":89,"column":14}},"89":{"start":{"line":90,"column":0},"end":{"line":90,"column":32}},"90":{"start":{"line":91,"column":0},"end":{"line":91,"column":40}},"91":{"start":{"line":92,"column":0},"end":{"line":92,"column":21}},"92":{"start":{"line":93,"column":0},"end":{"line":93,"column":7}},"93":{"start":{"line":94,"column":0},"end":{"line":94,"column":5}},"94":{"start":{"line":95,"column":0},"end":{"line":95,"column":11}},"97":{"start":{"line":98,"column":0},"end":{"line":98,"column":48}},"98":{"start":{"line":99,"column":0},"end":{"line":99,"column":23}},"100":{"start":{"line":101,"column":0},"end":{"line":101,"column":41}},"101":{"start":{"line":102,"column":0},"end":{"line":102,"column":30}},"102":{"start":{"line":103,"column":0},"end":{"line":103,"column":47}},"103":{"start":{"line":104,"column":0},"end":{"line":104,"column":31}},"104":{"start":{"line":105,"column":0},"end":{"line":105,"column":18}},"105":{"start":{"line":106,"column":0},"end":{"line":106,"column":36}},"106":{"start":{"line":107,"column":0},"end":{"line":107,"column":36}},"107":{"start":{"line":108,"column":0},"end":{"line":108,"column":44}},"108":{"start":{"line":109,"column":0},"end":{"line":109,"column":25}},"109":{"start":{"line":110,"column":0},"end":{"line":110,"column":25}},"110":{"start":{"line":111,"column":0},"end":{"line":111,"column":9}},"111":{"start":{"line":112,"column":0},"end":{"line":112,"column":7}},"113":{"start":{"line":114,"column":0},"end":{"line":114,"column":40}},"114":{"start":{"line":115,"column":0},"end":{"line":115,"column":40}},"115":{"start":{"line":116,"column":0},"end":{"line":116,"column":23}},"116":{"start":{"line":117,"column":0},"end":{"line":117,"column":7}},"119":{"start":{"line":120,"column":0},"end":{"line":120,"column":35}},"120":{"start":{"line":121,"column":0},"end":{"line":121,"column":30}},"121":{"start":{"line":122,"column":0},"end":{"line":122,"column":47}},"122":{"start":{"line":123,"column":0},"end":{"line":123,"column":49}},"123":{"start":{"line":124,"column":0},"end":{"line":124,"column":31}},"124":{"start":{"line":125,"column":0},"end":{"line":125,"column":18}},"125":{"start":{"line":126,"column":0},"end":{"line":126,"column":36}},"126":{"start":{"line":127,"column":0},"end":{"line":127,"column":36}},"127":{"start":{"line":128,"column":0},"end":{"line":128,"column":44}},"128":{"start":{"line":129,"column":0},"end":{"line":129,"column":25}},"129":{"start":{"line":130,"column":0},"end":{"line":130,"column":25}},"130":{"start":{"line":131,"column":0},"end":{"line":131,"column":9}},"131":{"start":{"line":132,"column":0},"end":{"line":132,"column":83}},"132":{"start":{"line":133,"column":0},"end":{"line":133,"column":7}},"135":{"start":{"line":136,"column":0},"end":{"line":136,"column":27}},"136":{"start":{"line":137,"column":0},"end":{"line":137,"column":30}},"137":{"start":{"line":138,"column":0},"end":{"line":138,"column":51}},"138":{"start":{"line":139,"column":0},"end":{"line":139,"column":25}},"139":{"start":{"line":140,"column":0},"end":{"line":140,"column":29}},"140":{"start":{"line":141,"column":0},"end":{"line":141,"column":7}},"141":{"start":{"line":142,"column":0},"end":{"line":142,"column":7}},"144":{"start":{"line":145,"column":0},"end":{"line":145,"column":29}},"145":{"start":{"line":146,"column":0},"end":{"line":146,"column":23}},"146":{"start":{"line":147,"column":0},"end":{"line":147,"column":7}},"147":{"start":{"line":148,"column":0},"end":{"line":148,"column":4}},"150":{"start":{"line":151,"column":0},"end":{"line":151,"column":67}},"151":{"start":{"line":152,"column":0},"end":{"line":152,"column":110}},"152":{"start":{"line":153,"column":0},"end":{"line":153,"column":128}},"153":{"start":{"line":154,"column":0},"end":{"line":154,"column":65}},"154":{"start":{"line":155,"column":0},"end":{"line":155,"column":4}},"156":{"start":{"line":157,"column":0},"end":{"line":157,"column":62}},"157":{"start":{"line":158,"column":0},"end":{"line":158,"column":81}},"158":{"start":{"line":159,"column":0},"end":{"line":159,"column":86}},"159":{"start":{"line":160,"column":0},"end":{"line":160,"column":29}},"160":{"start":{"line":161,"column":0},"end":{"line":161,"column":4}},"162":{"start":{"line":163,"column":0},"end":{"line":163,"column":10}},"163":{"start":{"line":164,"column":0},"end":{"line":164,"column":79}},"164":{"start":{"line":165,"column":0},"end":{"line":165,"column":25}},"165":{"start":{"line":166,"column":0},"end":{"line":166,"column":27}},"166":{"start":{"line":167,"column":0},"end":{"line":167,"column":49}},"167":{"start":{"line":168,"column":0},"end":{"line":168,"column":31}},"168":{"start":{"line":169,"column":0},"end":{"line":169,"column":17}},"169":{"start":{"line":170,"column":0},"end":{"line":170,"column":23}},"170":{"start":{"line":171,"column":0},"end":{"line":171,"column":22}},"171":{"start":{"line":172,"column":0},"end":{"line":172,"column":25}},"172":{"start":{"line":173,"column":0},"end":{"line":173,"column":32}},"173":{"start":{"line":174,"column":0},"end":{"line":174,"column":31}},"174":{"start":{"line":175,"column":0},"end":{"line":175,"column":10}},"175":{"start":{"line":176,"column":0},"end":{"line":176,"column":21}},"176":{"start":{"line":177,"column":0},"end":{"line":177,"column":21}},"177":{"start":{"line":178,"column":0},"end":{"line":178,"column":25}},"178":{"start":{"line":179,"column":0},"end":{"line":179,"column":8}},"181":{"start":{"line":182,"column":0},"end":{"line":182,"column":19}},"182":{"start":{"line":183,"column":0},"end":{"line":183,"column":12}},"183":{"start":{"line":184,"column":0},"end":{"line":184,"column":55}},"184":{"start":{"line":185,"column":0},"end":{"line":185,"column":62}},"186":{"start":{"line":187,"column":0},"end":{"line":187,"column":106}},"187":{"start":{"line":188,"column":0},"end":{"line":188,"column":86}},"188":{"start":{"line":189,"column":0},"end":{"line":189,"column":68}},"189":{"start":{"line":190,"column":0},"end":{"line":190,"column":18}},"190":{"start":{"line":191,"column":0},"end":{"line":191,"column":41}},"191":{"start":{"line":192,"column":0},"end":{"line":192,"column":52}},"192":{"start":{"line":193,"column":0},"end":{"line":193,"column":60}},"193":{"start":{"line":194,"column":0},"end":{"line":194,"column":116}},"194":{"start":{"line":195,"column":0},"end":{"line":195,"column":20}},"195":{"start":{"line":196,"column":0},"end":{"line":196,"column":52}},"196":{"start":{"line":197,"column":0},"end":{"line":197,"column":58}},"197":{"start":{"line":198,"column":0},"end":{"line":198,"column":116}},"198":{"start":{"line":199,"column":0},"end":{"line":199,"column":20}},"199":{"start":{"line":200,"column":0},"end":{"line":200,"column":70}},"200":{"start":{"line":201,"column":0},"end":{"line":201,"column":77}},"201":{"start":{"line":202,"column":0},"end":{"line":202,"column":140}},"202":{"start":{"line":203,"column":0},"end":{"line":203,"column":38}},"203":{"start":{"line":204,"column":0},"end":{"line":204,"column":23}},"204":{"start":{"line":205,"column":0},"end":{"line":205,"column":20}},"205":{"start":{"line":206,"column":0},"end":{"line":206,"column":64}},"206":{"start":{"line":207,"column":0},"end":{"line":207,"column":56}},"207":{"start":{"line":208,"column":0},"end":{"line":208,"column":20}},"208":{"start":{"line":209,"column":0},"end":{"line":209,"column":18}},"209":{"start":{"line":210,"column":0},"end":{"line":210,"column":16}},"210":{"start":{"line":211,"column":0},"end":{"line":211,"column":14}},"214":{"start":{"line":215,"column":0},"end":{"line":215,"column":33}},"215":{"start":{"line":216,"column":0},"end":{"line":216,"column":178}},"217":{"start":{"line":218,"column":0},"end":{"line":218,"column":14}},"219":{"start":{"line":220,"column":0},"end":{"line":220,"column":10}},"221":{"start":{"line":222,"column":0},"end":{"line":222,"column":1}}},"s":{"0":1,"1":1,"2":1,"18":10,"19":10,"20":10,"23":10,"24":2,"25":6,"26":6,"27":6,"28":6,"29":6,"30":2,"32":2,"33":6,"34":6,"35":6,"36":6,"37":6,"38":2,"40":2,"41":10,"44":10,"45":10,"46":10,"47":10,"48":10,"49":10,"50":10,"51":10,"52":10,"53":10,"54":10,"55":10,"56":10,"57":10,"58":10,"59":10,"60":10,"61":10,"62":10,"63":10,"64":10,"65":10,"66":10,"67":10,"68":10,"69":10,"70":10,"71":10,"72":10,"73":10,"74":10,"75":10,"76":10,"77":10,"78":10,"79":10,"80":10,"81":10,"82":10,"83":10,"84":10,"85":10,"87":10,"88":10,"89":10,"90":10,"91":10,"92":10,"93":10,"94":10,"97":10,"98":10,"100":10,"101":1,"102":1,"103":1,"104":1,"105":1,"106":1,"107":1,"108":1,"109":1,"110":1,"111":10,"113":10,"114":1,"115":1,"116":10,"119":10,"120":4,"121":4,"122":4,"123":4,"124":4,"125":4,"126":4,"127":4,"128":4,"129":4,"130":4,"131":4,"132":10,"135":10,"136":1,"137":1,"138":1,"139":1,"140":1,"141":10,"144":10,"145":1,"146":10,"147":10,"150":10,"151":5,"152":5,"153":2,"154":5,"156":10,"157":5,"158":5,"159":2,"160":5,"162":10,"163":10,"164":10,"165":10,"166":10,"167":10,"168":10,"169":10,"170":10,"171":10,"172":10,"173":10,"174":10,"175":10,"176":10,"177":10,"178":10,"181":10,"182":5,"183":5,"184":5,"186":5,"187":5,"188":5,"189":5,"190":5,"191":5,"192":5,"193":5,"194":5,"195":5,"196":5,"197":5,"198":5,"199":5,"200":5,"201":5,"202":5,"203":5,"204":5,"205":5,"206":5,"207":5,"208":5,"209":5,"210":5,"214":10,"215":10,"217":10,"219":10,"221":10},"branchMap":{"0":{"type":"branch","line":19,"loc":{"start":{"line":19,"column":0},"end":{"line":222,"column":1}},"locations":[{"start":{"line":19,"column":0},"end":{"line":222,"column":1}}]},"1":{"type":"branch","line":182,"loc":{"start":{"line":182,"column":7},"end":{"line":211,"column":14}},"locations":[{"start":{"line":182,"column":7},"end":{"line":211,"column":14}}]},"2":{"type":"branch","line":24,"loc":{"start":{"line":24,"column":27},"end":{"line":42,"column":5}},"locations":[{"start":{"line":24,"column":27},"end":{"line":42,"column":5}}]},"3":{"type":"branch","line":25,"loc":{"start":{"line":25,"column":33},"end":{"line":31,"column":6}},"locations":[{"start":{"line":25,"column":33},"end":{"line":31,"column":6}}]},"4":{"type":"branch","line":28,"loc":{"start":{"line":28,"column":20},"end":{"line":28,"column":42}},"locations":[{"start":{"line":28,"column":20},"end":{"line":28,"column":42}}]},"5":{"type":"branch","line":33,"loc":{"start":{"line":33,"column":33},"end":{"line":39,"column":6}},"locations":[{"start":{"line":33,"column":33},"end":{"line":39,"column":6}}]},"6":{"type":"branch","line":37,"loc":{"start":{"line":37,"column":25},"end":{"line":37,"column":55}},"locations":[{"start":{"line":37,"column":25},"end":{"line":37,"column":55}}]},"7":{"type":"branch","line":98,"loc":{"start":{"line":98,"column":23},"end":{"line":148,"column":4}},"locations":[{"start":{"line":98,"column":23},"end":{"line":148,"column":4}}]},"8":{"type":"branch","line":101,"loc":{"start":{"line":101,"column":31},"end":{"line":112,"column":5}},"locations":[{"start":{"line":101,"column":31},"end":{"line":112,"column":5}}]},"9":{"type":"branch","line":114,"loc":{"start":{"line":114,"column":30},"end":{"line":117,"column":5}},"locations":[{"start":{"line":114,"column":30},"end":{"line":117,"column":5}}]},"10":{"type":"branch","line":120,"loc":{"start":{"line":120,"column":25},"end":{"line":133,"column":5}},"locations":[{"start":{"line":120,"column":25},"end":{"line":133,"column":5}}]},"11":{"type":"branch","line":136,"loc":{"start":{"line":136,"column":17},"end":{"line":142,"column":5}},"locations":[{"start":{"line":136,"column":17},"end":{"line":142,"column":5}}]},"12":{"type":"branch","line":145,"loc":{"start":{"line":145,"column":22},"end":{"line":147,"column":5}},"locations":[{"start":{"line":145,"column":22},"end":{"line":147,"column":5}}]},"13":{"type":"branch","line":151,"loc":{"start":{"line":151,"column":34},"end":{"line":155,"column":4}},"locations":[{"start":{"line":151,"column":34},"end":{"line":155,"column":4}}]},"14":{"type":"branch","line":152,"loc":{"start":{"line":152,"column":55},"end":{"line":152,"column":110}},"locations":[{"start":{"line":152,"column":55},"end":{"line":152,"column":110}}]},"15":{"type":"branch","line":152,"loc":{"start":{"line":152,"column":62},"end":{"line":153,"column":39}},"locations":[{"start":{"line":152,"column":62},"end":{"line":153,"column":39}}]},"16":{"type":"branch","line":153,"loc":{"start":{"line":153,"column":34},"end":{"line":153,"column":67}},"locations":[{"start":{"line":153,"column":34},"end":{"line":153,"column":67}}]},"17":{"type":"branch","line":153,"loc":{"start":{"line":153,"column":67},"end":{"line":154,"column":65}},"locations":[{"start":{"line":153,"column":67},"end":{"line":154,"column":65}}]},"18":{"type":"branch","line":157,"loc":{"start":{"line":157,"column":29},"end":{"line":161,"column":4}},"locations":[{"start":{"line":157,"column":29},"end":{"line":161,"column":4}}]},"19":{"type":"branch","line":158,"loc":{"start":{"line":158,"column":55},"end":{"line":158,"column":81}},"locations":[{"start":{"line":158,"column":55},"end":{"line":158,"column":81}}]},"20":{"type":"branch","line":158,"loc":{"start":{"line":158,"column":62},"end":{"line":159,"column":39}},"locations":[{"start":{"line":158,"column":62},"end":{"line":159,"column":39}}]},"21":{"type":"branch","line":159,"loc":{"start":{"line":159,"column":34},"end":{"line":159,"column":67}},"locations":[{"start":{"line":159,"column":34},"end":{"line":159,"column":67}}]},"22":{"type":"branch","line":159,"loc":{"start":{"line":159,"column":67},"end":{"line":160,"column":29}},"locations":[{"start":{"line":159,"column":67},"end":{"line":160,"column":29}}]}},"b":{"0":[10],"1":[5],"2":[2],"3":[6],"4":[4],"5":[6],"6":[0],"7":[10],"8":[1],"9":[1],"10":[4],"11":[1],"12":[1],"13":[5],"14":[1],"15":[4],"16":[2],"17":[2],"18":[5],"19":[1],"20":[4],"21":[2],"22":[2]},"fnMap":{"0":{"name":"GraphCanvas","decl":{"start":{"line":19,"column":0},"end":{"line":222,"column":1}},"loc":{"start":{"line":19,"column":0},"end":{"line":222,"column":1}},"line":19},"1":{"name":"handleCyInit","decl":{"start":{"line":98,"column":23},"end":{"line":148,"column":4}},"loc":{"start":{"line":98,"column":23},"end":{"line":148,"column":4}},"line":98},"2":{"name":"getConstraintBadgeStyle","decl":{"start":{"line":151,"column":34},"end":{"line":155,"column":4}},"loc":{"start":{"line":151,"column":34},"end":{"line":155,"column":4}},"line":151},"3":{"name":"getConstraintLabel","decl":{"start":{"line":157,"column":29},"end":{"line":161,"column":4}},"loc":{"start":{"line":157,"column":29},"end":{"line":161,"column":4}},"line":157}},"f":{"0":10,"1":10,"2":5,"3":5}}
,"/Users/fabiangonzalez/Documents/oscar-dependency-observatory/oscar-dependency-observatory/frontend/src/components/Layout.tsx": {"path":"/Users/fabiangonzalez/Documents/oscar-dependency-observatory/oscar-dependency-observatory/frontend/src/components/Layout.tsx","all":false,"statementMap":{"1":{"start":{"line":2,"column":0},"end":{"line":2,"column":43}},"2":{"start":{"line":3,"column":0},"end":{"line":3,"column":76}},"8":{"start":{"line":9,"column":0},"end":{"line":9,"column":51}},"9":{"start":{"line":10,"column":0},"end":{"line":10,"column":10}},"10":{"start":{"line":11,"column":0},"end":{"line":11,"column":95}},"12":{"start":{"line":13,"column":0},"end":{"line":13,"column":87}},"13":{"start":{"line":14,"column":0},"end":{"line":14,"column":84}},"14":{"start":{"line":15,"column":0},"end":{"line":15,"column":85}},"15":{"start":{"line":16,"column":0},"end":{"line":16,"column":41}},"16":{"start":{"line":17,"column":0},"end":{"line":17,"column":95}},"17":{"start":{"line":18,"column":0},"end":{"line":18,"column":111}},"18":{"start":{"line":19,"column":0},"end":{"line":19,"column":16}},"19":{"start":{"line":20,"column":0},"end":{"line":20,"column":14}},"21":{"start":{"line":22,"column":0},"end":{"line":22,"column":52}},"22":{"start":{"line":23,"column":0},"end":{"line":23,"column":19}},"23":{"start":{"line":24,"column":0},"end":{"line":24,"column":19}},"24":{"start":{"line":25,"column":0},"end":{"line":25,"column":41}},"25":{"start":{"line":26,"column":0},"end":{"line":26,"column":74}},"26":{"start":{"line":27,"column":0},"end":{"line":27,"column":101}},"27":{"start":{"line":28,"column":0},"end":{"line":28,"column":16}},"30":{"start":{"line":31,"column":0},"end":{"line":31,"column":47}},"32":{"start":{"line":33,"column":0},"end":{"line":33,"column":20}},"34":{"start":{"line":35,"column":0},"end":{"line":35,"column":19}},"35":{"start":{"line":36,"column":0},"end":{"line":36,"column":24}},"36":{"start":{"line":37,"column":0},"end":{"line":37,"column":41}},"37":{"start":{"line":38,"column":0},"end":{"line":38,"column":74}},"38":{"start":{"line":39,"column":0},"end":{"line":39,"column":101}},"39":{"start":{"line":40,"column":0},"end":{"line":40,"column":16}},"42":{"start":{"line":43,"column":0},"end":{"line":43,"column":48}},"44":{"start":{"line":45,"column":0},"end":{"line":45,"column":20}},"46":{"start":{"line":47,"column":0},"end":{"line":47,"column":19}},"47":{"start":{"line":48,"column":0},"end":{"line":48,"column":28}},"48":{"start":{"line":49,"column":0},"end":{"line":49,"column":41}},"49":{"start":{"line":50,"column":0},"end":{"line":50,"column":74}},"50":{"start":{"line":51,"column":0},"end":{"line":51,"column":101}},"51":{"start":{"line":52,"column":0},"end":{"line":52,"column":16}},"54":{"start":{"line":55,"column":0},"end":{"line":55,"column":54}},"56":{"start":{"line":57,"column":0},"end":{"line":57,"column":20}},"58":{"start":{"line":59,"column":0},"end":{"line":59,"column":18}},"59":{"start":{"line":60,"column":0},"end":{"line":60,"column":27}},"60":{"start":{"line":61,"column":0},"end":{"line":61,"column":40}},"61":{"start":{"line":62,"column":0},"end":{"line":62,"column":74}},"62":{"start":{"line":63,"column":0},"end":{"line":63,"column":105}},"63":{"start":{"line":64,"column":0},"end":{"line":64,"column":16}},"66":{"start":{"line":67,"column":0},"end":{"line":67,"column":347}},"68":{"start":{"line":69,"column":0},"end":{"line":69,"column":20}},"70":{"start":{"line":71,"column":0},"end":{"line":71,"column":19}},"71":{"start":{"line":72,"column":0},"end":{"line":72,"column":26}},"72":{"start":{"line":73,"column":0},"end":{"line":73,"column":41}},"73":{"start":{"line":74,"column":0},"end":{"line":74,"column":74}},"74":{"start":{"line":75,"column":0},"end":{"line":75,"column":105}},"75":{"start":{"line":76,"column":0},"end":{"line":76,"column":16}},"78":{"start":{"line":79,"column":0},"end":{"line":79,"column":53}},"80":{"start":{"line":81,"column":0},"end":{"line":81,"column":20}},"81":{"start":{"line":82,"column":0},"end":{"line":82,"column":14}},"82":{"start":{"line":83,"column":0},"end":{"line":83,"column":14}},"85":{"start":{"line":86,"column":0},"end":{"line":86,"column":76}},"86":{"start":{"line":87,"column":0},"end":{"line":87,"column":18}},"87":{"start":{"line":88,"column":0},"end":{"line":88,"column":13}},"88":{"start":{"line":89,"column":0},"end":{"line":89,"column":10}},"90":{"start":{"line":91,"column":0},"end":{"line":91,"column":1}}},"s":{"1":1,"2":1,"8":1,"9":1,"10":1,"12":1,"13":1,"14":1,"15":1,"16":1,"17":1,"18":1,"19":1,"21":1,"22":1,"23":1,"24":1,"25":5,"26":5,"27":5,"30":1,"32":1,"34":1,"35":1,"36":1,"37":5,"38":5,"39":5,"42":1,"44":1,"46":1,"47":1,"48":1,"49":5,"50":5,"51":5,"54":1,"56":1,"58":1,"59":1,"60":1,"61":5,"62":5,"63":5,"66":1,"68":1,"70":1,"71":1,"72":1,"73":5,"74":5,"75":5,"78":1,"80":1,"81":1,"82":1,"85":1,"86":1,"87":1,"88":1,"90":1},"branchMap":{"0":{"type":"branch","line":9,"loc":{"start":{"line":9,"column":7},"end":{"line":91,"column":1}},"locations":[{"start":{"line":9,"column":7},"end":{"line":91,"column":1}}]},"1":{"type":"branch","line":25,"loc":{"start":{"line":25,"column":23},"end":{"line":28,"column":16}},"locations":[{"start":{"line":25,"column":23},"end":{"line":28,"column":16}}]},"2":{"type":"branch","line":27,"loc":{"start":{"line":27,"column":16},"end":{"line":27,"column":68}},"locations":[{"start":{"line":27,"column":16},"end":{"line":27,"column":68}}]},"3":{"type":"branch","line":27,"loc":{"start":{"line":27,"column":27},"end":{"line":27,"column":101}},"locations":[{"start":{"line":27,"column":27},"end":{"line":27,"column":101}}]},"4":{"type":"branch","line":37,"loc":{"start":{"line":37,"column":23},"end":{"line":40,"column":16}},"locations":[{"start":{"line":37,"column":23},"end":{"line":40,"column":16}}]},"5":{"type":"branch","line":39,"loc":{"start":{"line":39,"column":16},"end":{"line":39,"column":68}},"locations":[{"start":{"line":39,"column":16},"end":{"line":39,"column":68}}]},"6":{"type":"branch","line":39,"loc":{"start":{"line":39,"column":27},"end":{"line":39,"column":101}},"locations":[{"start":{"line":39,"column":27},"end":{"line":39,"column":101}}]},"7":{"type":"branch","line":49,"loc":{"start":{"line":49,"column":23},"end":{"line":52,"column":16}},"locations":[{"start":{"line":49,"column":23},"end":{"line":52,"column":16}}]},"8":{"type":"branch","line":51,"loc":{"start":{"line":51,"column":16},"end":{"line":51,"column":68}},"locations":[{"start":{"line":51,"column":16},"end":{"line":51,"column":68}}]},"9":{"type":"branch","line":51,"loc":{"start":{"line":51,"column":27},"end":{"line":51,"column":101}},"locations":[{"start":{"line":51,"column":27},"end":{"line":51,"column":101}}]},"10":{"type":"branch","line":61,"loc":{"start":{"line":61,"column":23},"end":{"line":64,"column":16}},"locations":[{"start":{"line":61,"column":23},"end":{"line":64,"column":16}}]},"11":{"type":"branch","line":63,"loc":{"start":{"line":63,"column":16},"end":{"line":63,"column":72}},"locations":[{"start":{"line":63,"column":16},"end":{"line":63,"column":72}}]},"12":{"type":"branch","line":63,"loc":{"start":{"line":63,"column":27},"end":{"line":63,"column":105}},"locations":[{"start":{"line":63,"column":27},"end":{"line":63,"column":105}}]},"13":{"type":"branch","line":73,"loc":{"start":{"line":73,"column":23},"end":{"line":76,"column":16}},"locations":[{"start":{"line":73,"column":23},"end":{"line":76,"column":16}}]},"14":{"type":"branch","line":75,"loc":{"start":{"line":75,"column":16},"end":{"line":75,"column":72}},"locations":[{"start":{"line":75,"column":16},"end":{"line":75,"column":72}}]},"15":{"type":"branch","line":75,"loc":{"start":{"line":75,"column":27},"end":{"line":75,"column":105}},"locations":[{"start":{"line":75,"column":27},"end":{"line":75,"column":105}}]}},"b":{"0":[1],"1":[5],"2":[1],"3":[4],"4":[5],"5":[1],"6":[4],"7":[5],"8":[1],"9":[4],"10":[5],"11":[1],"12":[4],"13":[5],"14":[1],"15":[4]},"fnMap":{"0":{"name":"Layout","decl":{"start":{"line":9,"column":7},"end":{"line":91,"column":1}},"loc":{"start":{"line":9,"column":7},"end":{"line":91,"column":1}},"line":9},"1":{"name":"className","decl":{"start":{"line":25,"column":23},"end":{"line":28,"column":16}},"loc":{"start":{"line":25,"column":23},"end":{"line":28,"column":16}},"line":25},"2":{"name":"className","decl":{"start":{"line":37,"column":23},"end":{"line":40,"column":16}},"loc":{"start":{"line":37,"column":23},"end":{"line":40,"column":16}},"line":37},"3":{"name":"className","decl":{"start":{"line":49,"column":23},"end":{"line":52,"column":16}},"loc":{"start":{"line":49,"column":23},"end":{"line":52,"column":16}},"line":49},"4":{"name":"className","decl":{"start":{"line":61,"column":23},"end":{"line":64,"column":16}},"loc":{"start":{"line":61,"column":23},"end":{"line":64,"column":16}},"line":61},"5":{"name":"className","decl":{"start":{"line":73,"column":23},"end":{"line":76,"column":16}},"loc":{"start":{"line":73,"column":23},"end":{"line":76,"column":16}},"line":73}},"f":{"0":1,"1":5,"2":5,"3":5,"4":5,"5":5}}
,"/Users/fabiangonzalez/Documents/oscar-dependency-observatory/oscar-dependency-observatory/frontend/src/components/MethodCallGraph.tsx": {"path":"/Users/fabiangonzalez/Documents/oscar-dependency-observatory/oscar-dependency-observatory/frontend/src/components/MethodCallGraph.tsx","all":false,"statementMap":{"0":{"start":{"line":1,"column":0},"end":{"line":1,"column":52}},"1":{"start":{"line":2,"column":0},"end":{"line":2,"column":8}},"7":{"start":{"line":8,"column":0},"end":{"line":8,"column":41}},"8":{"start":{"line":9,"column":0},"end":{"line":9,"column":31}},"21":{"start":{"line":22,"column":0},"end":{"line":22,"column":22}},"22":{"start":{"line":23,"column":0},"end":{"line":23,"column":7}},"23":{"start":{"line":24,"column":0},"end":{"line":24,"column":19}},"24":{"start":{"line":25,"column":0},"end":{"line":25,"column":15}},"25":{"start":{"line":26,"column":0},"end":{"line":26,"column":10}},"26":{"start":{"line":27,"column":0},"end":{"line":27,"column":4}},"31":{"start":{"line":32,"column":0},"end":{"line":32,"column":4}},"32":{"start":{"line":33,"column":0},"end":{"line":33,"column":35}},"33":{"start":{"line":34,"column":0},"end":{"line":34,"column":27}},"34":{"start":{"line":35,"column":0},"end":{"line":35,"column":45}},"35":{"start":{"line":36,"column":0},"end":{"line":36,"column":37}},"38":{"start":{"line":39,"column":0},"end":{"line":39,"column":19}},"39":{"start":{"line":40,"column":0},"end":{"line":40,"column":20}},"40":{"start":{"line":41,"column":0},"end":{"line":41,"column":47}},"41":{"start":{"line":42,"column":0},"end":{"line":42,"column":45}},"42":{"start":{"line":43,"column":0},"end":{"line":43,"column":7}},"43":{"start":{"line":44,"column":0},"end":{"line":44,"column":37}},"46":{"start":{"line":47,"column":0},"end":{"line":47,"column":19}},"47":{"start":{"line":48,"column":0},"end":{"line":48,"column":37}},"49":{"start":{"line":50,"column":0},"end":{"line":50,"column":9}},"50":{"start":{"line":51,"column":0},"end":{"line":51,"column":52}},"52":{"start":{"line":53,"column":0},"end":{"line":53,"column":31}},"53":{"start":{"line":54,"column":0},"end":{"line":54,"column":62}},"54":{"start":{"line":55,"column":0},"end":{"line":55,"column":62}},"55":{"start":{"line":56,"column":0},"end":{"line":56,"column":62}},"56":{"start":{"line":57,"column":0},"end":{"line":57,"column":8}},"58":{"start":{"line":59,"column":0},"end":{"line":59,"column":67}},"59":{"start":{"line":60,"column":0},"end":{"line":60,"column":80}},"62":{"start":{"line":63,"column":0},"end":{"line":63,"column":42}},"64":{"start":{"line":65,"column":0},"end":{"line":65,"column":41}},"65":{"start":{"line":66,"column":0},"end":{"line":66,"column":45}},"66":{"start":{"line":67,"column":0},"end":{"line":67,"column":27}},"67":{"start":{"line":68,"column":0},"end":{"line":68,"column":14}},"68":{"start":{"line":69,"column":0},"end":{"line":69,"column":74}},"70":{"start":{"line":71,"column":0},"end":{"line":71,"column":78}},"72":{"start":{"line":73,"column":0},"end":{"line":73,"column":78}},"73":{"start":{"line":74,"column":0},"end":{"line":74,"column":28}},"74":{"start":{"line":75,"column":0},"end":{"line":75,"column":9}},"77":{"start":{"line":78,"column":0},"end":{"line":78,"column":54}},"78":{"start":{"line":79,"column":0},"end":{"line":79,"column":49}},"80":{"start":{"line":81,"column":0},"end":{"line":81,"column":32}},"81":{"start":{"line":82,"column":0},"end":{"line":82,"column":38}},"82":{"start":{"line":83,"column":0},"end":{"line":83,"column":38}},"83":{"start":{"line":84,"column":0},"end":{"line":84,"column":15}},"84":{"start":{"line":85,"column":0},"end":{"line":85,"column":38}},"85":{"start":{"line":86,"column":0},"end":{"line":86,"column":16}},"86":{"start":{"line":87,"column":0},"end":{"line":87,"column":17}},"87":{"start":{"line":88,"column":0},"end":{"line":88,"column":36}},"88":{"start":{"line":89,"column":0},"end":{"line":89,"column":51}},"89":{"start":{"line":90,"column":0},"end":{"line":90,"column":22}},"90":{"start":{"line":91,"column":0},"end":{"line":91,"column":11}},"91":{"start":{"line":92,"column":0},"end":{"line":92,"column":9}},"94":{"start":{"line":95,"column":0},"end":{"line":95,"column":36}},"95":{"start":{"line":96,"column":0},"end":{"line":96,"column":12}},"96":{"start":{"line":97,"column":0},"end":{"line":97,"column":42}},"97":{"start":{"line":98,"column":0},"end":{"line":98,"column":42}},"98":{"start":{"line":99,"column":0},"end":{"line":99,"column":46}},"99":{"start":{"line":100,"column":0},"end":{"line":100,"column":56}},"100":{"start":{"line":101,"column":0},"end":{"line":101,"column":11}},"101":{"start":{"line":102,"column":0},"end":{"line":102,"column":57}},"102":{"start":{"line":103,"column":0},"end":{"line":103,"column":60}},"104":{"start":{"line":105,"column":0},"end":{"line":105,"column":14}},"105":{"start":{"line":106,"column":0},"end":{"line":106,"column":39}},"106":{"start":{"line":107,"column":0},"end":{"line":107,"column":58}},"107":{"start":{"line":108,"column":0},"end":{"line":108,"column":57}},"108":{"start":{"line":109,"column":0},"end":{"line":109,"column":13}},"109":{"start":{"line":110,"column":0},"end":{"line":110,"column":38}},"110":{"start":{"line":111,"column":0},"end":{"line":111,"column":11}},"112":{"start":{"line":113,"column":0},"end":{"line":113,"column":57}},"113":{"start":{"line":114,"column":0},"end":{"line":114,"column":36}},"114":{"start":{"line":115,"column":0},"end":{"line":115,"column":29}},"115":{"start":{"line":116,"column":0},"end":{"line":116,"column":19}},"116":{"start":{"line":117,"column":0},"end":{"line":117,"column":38}},"117":{"start":{"line":118,"column":0},"end":{"line":118,"column":63}},"118":{"start":{"line":119,"column":0},"end":{"line":119,"column":60}},"119":{"start":{"line":120,"column":0},"end":{"line":120,"column":24}},"120":{"start":{"line":121,"column":0},"end":{"line":121,"column":26}},"121":{"start":{"line":122,"column":0},"end":{"line":122,"column":13}},"122":{"start":{"line":123,"column":0},"end":{"line":123,"column":9}},"123":{"start":{"line":124,"column":0},"end":{"line":124,"column":9}},"125":{"start":{"line":126,"column":0},"end":{"line":126,"column":23}},"129":{"start":{"line":130,"column":0},"end":{"line":130,"column":35}},"130":{"start":{"line":131,"column":0},"end":{"line":131,"column":13}},"131":{"start":{"line":132,"column":0},"end":{"line":132,"column":43}},"132":{"start":{"line":133,"column":0},"end":{"line":133,"column":50}},"133":{"start":{"line":134,"column":0},"end":{"line":134,"column":17}},"135":{"start":{"line":136,"column":0},"end":{"line":136,"column":9}},"136":{"start":{"line":137,"column":0},"end":{"line":137,"column":9}},"138":{"start":{"line":139,"column":0},"end":{"line":139,"column":34}},"139":{"start":{"line":140,"column":0},"end":{"line":140,"column":24}},"140":{"start":{"line":141,"column":0},"end":{"line":141,"column":65}},"141":{"start":{"line":142,"column":0},"end":{"line":142,"column":42}},"142":{"start":{"line":143,"column":0},"end":{"line":143,"column":5}},"143":{"start":{"line":144,"column":0},"end":{"line":144,"column":58}},"145":{"start":{"line":146,"column":0},"end":{"line":146,"column":14}},"146":{"start":{"line":147,"column":0},"end":{"line":147,"column":1}},"149":{"start":{"line":150,"column":0},"end":{"line":150,"column":41}},"150":{"start":{"line":151,"column":0},"end":{"line":151,"column":7}},"151":{"start":{"line":152,"column":0},"end":{"line":152,"column":19}},"152":{"start":{"line":153,"column":0},"end":{"line":153,"column":15}},"153":{"start":{"line":154,"column":0},"end":{"line":154,"column":26}},"154":{"start":{"line":155,"column":0},"end":{"line":155,"column":64}},"156":{"start":{"line":157,"column":0},"end":{"line":157,"column":17}},"157":{"start":{"line":158,"column":0},"end":{"line":158,"column":12}},"158":{"start":{"line":159,"column":0},"end":{"line":159,"column":123}},"159":{"start":{"line":160,"column":0},"end":{"line":160,"column":75}},"160":{"start":{"line":161,"column":0},"end":{"line":161,"column":69}},"161":{"start":{"line":162,"column":0},"end":{"line":162,"column":12}},"163":{"start":{"line":164,"column":0},"end":{"line":164,"column":3}},"165":{"start":{"line":166,"column":0},"end":{"line":166,"column":10}},"166":{"start":{"line":167,"column":0},"end":{"line":167,"column":8}},"167":{"start":{"line":168,"column":0},"end":{"line":168,"column":69}},"168":{"start":{"line":169,"column":0},"end":{"line":169,"column":79}},"170":{"start":{"line":171,"column":0},"end":{"line":171,"column":21}},"171":{"start":{"line":172,"column":0},"end":{"line":172,"column":19}},"172":{"start":{"line":173,"column":0},"end":{"line":173,"column":38}},"173":{"start":{"line":174,"column":0},"end":{"line":174,"column":36}},"174":{"start":{"line":175,"column":0},"end":{"line":175,"column":35}},"175":{"start":{"line":176,"column":0},"end":{"line":176,"column":28}},"176":{"start":{"line":177,"column":0},"end":{"line":177,"column":24}},"177":{"start":{"line":178,"column":0},"end":{"line":178,"column":43}},"178":{"start":{"line":179,"column":0},"end":{"line":179,"column":41}},"179":{"start":{"line":180,"column":0},"end":{"line":180,"column":34}},"180":{"start":{"line":181,"column":0},"end":{"line":181,"column":10}},"181":{"start":{"line":182,"column":0},"end":{"line":182,"column":49}},"183":{"start":{"line":184,"column":0},"end":{"line":184,"column":20}},"184":{"start":{"line":185,"column":0},"end":{"line":185,"column":21}},"185":{"start":{"line":186,"column":0},"end":{"line":186,"column":45}},"186":{"start":{"line":187,"column":0},"end":{"line":187,"column":37}},"187":{"start":{"line":188,"column":0},"end":{"line":188,"column":31}},"188":{"start":{"line":189,"column":0},"end":{"line":189,"column":10}},"189":{"start":{"line":190,"column":0},"end":{"line":190,"column":23}},"192":{"start":{"line":193,"column":0},"end":{"line":193,"column":150}},"193":{"start":{"line":194,"column":0},"end":{"line":194,"column":70}},"194":{"start":{"line":195,"column":0},"end":{"line":195,"column":54}},"195":{"start":{"line":196,"column":0},"end":{"line":196,"column":63}},"196":{"start":{"line":197,"column":0},"end":{"line":197,"column":60}},"197":{"start":{"line":198,"column":0},"end":{"line":198,"column":14}},"198":{"start":{"line":199,"column":0},"end":{"line":199,"column":54}},"199":{"start":{"line":200,"column":0},"end":{"line":200,"column":52}},"200":{"start":{"line":201,"column":0},"end":{"line":201,"column":64}},"201":{"start":{"line":202,"column":0},"end":{"line":202,"column":14}},"202":{"start":{"line":203,"column":0},"end":{"line":203,"column":54}},"203":{"start":{"line":204,"column":0},"end":{"line":204,"column":49}},"204":{"start":{"line":205,"column":0},"end":{"line":205,"column":67}},"205":{"start":{"line":206,"column":0},"end":{"line":206,"column":14}},"206":{"start":{"line":207,"column":0},"end":{"line":207,"column":56}},"208":{"start":{"line":209,"column":0},"end":{"line":209,"column":16}},"210":{"start":{"line":211,"column":0},"end":{"line":211,"column":14}},"211":{"start":{"line":212,"column":0},"end":{"line":212,"column":12}},"212":{"start":{"line":213,"column":0},"end":{"line":213,"column":10}},"214":{"start":{"line":215,"column":0},"end":{"line":215,"column":1}}},"s":{"0":1,"1":1,"7":1,"8":1,"21":2,"22":2,"23":2,"24":2,"25":2,"26":2,"31":2,"32":2,"33":2,"34":2,"35":2,"38":2,"39":2,"40":2,"41":2,"42":2,"43":2,"46":2,"47":2,"49":2,"50":2,"52":2,"53":2,"54":2,"55":2,"56":2,"58":2,"59":4,"62":2,"64":2,"65":6,"66":6,"67":2,"68":4,"70":6,"72":6,"73":2,"74":2,"77":6,"78":6,"80":6,"81":6,"82":6,"83":6,"84":6,"85":6,"86":6,"87":6,"88":3,"89":3,"90":6,"91":2,"94":2,"95":4,"96":4,"97":4,"98":4,"99":4,"100":4,"101":4,"102":4,"104":4,"105":4,"106":2,"107":1,"108":4,"109":2,"110":2,"112":4,"113":4,"114":4,"115":4,"116":4,"117":2,"118":1,"119":2,"120":4,"121":4,"122":4,"123":2,"125":2,"129":2,"130":1,"131":1,"132":1,"133":1,"135":0,"136":2,"138":2,"139":2,"140":1,"141":1,"142":1,"143":2,"145":2,"146":2,"149":3,"150":3,"151":3,"152":3,"153":3,"154":3,"156":3,"157":1,"158":1,"159":1,"160":1,"161":1,"163":1,"165":2,"166":2,"167":2,"168":2,"170":2,"171":2,"172":2,"173":2,"174":2,"175":2,"176":2,"177":2,"178":2,"179":2,"180":2,"181":2,"183":2,"184":2,"185":2,"186":2,"187":2,"188":2,"189":2,"192":2,"193":2,"194":2,"195":2,"196":2,"197":2,"198":2,"199":2,"200":2,"201":2,"202":2,"203":2,"204":2,"205":2,"206":2,"208":2,"210":2,"211":2,"212":2,"214":2},"branchMap":{"0":{"type":"branch","line":22,"loc":{"start":{"line":22,"column":0},"end":{"line":147,"column":1}},"locations":[{"start":{"line":22,"column":0},"end":{"line":147,"column":1}}]},"1":{"type":"branch","line":39,"loc":{"start":{"line":39,"column":12},"end":{"line":44,"column":5}},"locations":[{"start":{"line":39,"column":12},"end":{"line":44,"column":5}}]},"2":{"type":"branch","line":41,"loc":{"start":{"line":41,"column":17},"end":{"line":41,"column":47}},"locations":[{"start":{"line":41,"column":17},"end":{"line":41,"column":47}}]},"3":{"type":"branch","line":42,"loc":{"start":{"line":42,"column":18},"end":{"line":42,"column":45}},"locations":[{"start":{"line":42,"column":18},"end":{"line":42,"column":45}}]},"4":{"type":"branch","line":47,"loc":{"start":{"line":47,"column":12},"end":{"line":144,"column":5}},"locations":[{"start":{"line":47,"column":12},"end":{"line":144,"column":5}}]},"5":{"type":"branch","line":48,"loc":{"start":{"line":48,"column":30},"end":{"line":48,"column":37}},"locations":[{"start":{"line":48,"column":30},"end":{"line":48,"column":37}}]},"6":{"type":"branch","line":140,"loc":{"start":{"line":140,"column":4},"end":{"line":143,"column":5}},"locations":[{"start":{"line":140,"column":4},"end":{"line":143,"column":5}}]},"7":{"type":"branch","line":142,"loc":{"start":{"line":142,"column":18},"end":{"line":142,"column":40}},"locations":[{"start":{"line":142,"column":18},"end":{"line":142,"column":40}}]},"8":{"type":"branch","line":59,"loc":{"start":{"line":59,"column":32},"end":{"line":60,"column":80}},"locations":[{"start":{"line":59,"column":32},"end":{"line":60,"column":80}}]},"9":{"type":"branch","line":60,"loc":{"start":{"line":60,"column":15},"end":{"line":60,"column":34}},"locations":[{"start":{"line":60,"column":15},"end":{"line":60,"column":34}}]},"10":{"type":"branch","line":60,"loc":{"start":{"line":60,"column":22},"end":{"line":60,"column":80}},"locations":[{"start":{"line":60,"column":22},"end":{"line":60,"column":80}}]},"11":{"type":"branch","line":65,"loc":{"start":{"line":65,"column":25},"end":{"line":92,"column":7}},"locations":[{"start":{"line":65,"column":25},"end":{"line":92,"column":7}}]},"12":{"type":"branch","line":67,"loc":{"start":{"line":67,"column":21},"end":{"line":68,"column":14}},"locations":[{"start":{"line":67,"column":21},"end":{"line":68,"column":14}}]},"13":{"type":"branch","line":68,"loc":{"start":{"line":68,"column":12},"end":{"line":69,"column":74}},"locations":[{"start":{"line":68,"column":12},"end":{"line":69,"column":74}}]},"14":{"type":"branch","line":69,"loc":{"start":{"line":69,"column":47},"end":{"line":69,"column":68}},"locations":[{"start":{"line":69,"column":47},"end":{"line":69,"column":68}}]},"15":{"type":"branch","line":71,"loc":{"start":{"line":71,"column":20},"end":{"line":71,"column":41}},"locations":[{"start":{"line":71,"column":20},"end":{"line":71,"column":41}}]},"16":{"type":"branch","line":71,"loc":{"start":{"line":71,"column":29},"end":{"line":71,"column":78}},"locations":[{"start":{"line":71,"column":29},"end":{"line":71,"column":78}}]},"17":{"type":"branch","line":73,"loc":{"start":{"line":73,"column":12},"end":{"line":73,"column":40}},"locations":[{"start":{"line":73,"column":12},"end":{"line":73,"column":40}}]},"18":{"type":"branch","line":73,"loc":{"start":{"line":73,"column":30},"end":{"line":73,"column":77}},"locations":[{"start":{"line":73,"column":30},"end":{"line":73,"column":77}}]},"19":{"type":"branch","line":73,"loc":{"start":{"line":73,"column":77},"end":{"line":75,"column":9}},"locations":[{"start":{"line":73,"column":77},"end":{"line":75,"column":9}}]},"20":{"type":"branch","line":85,"loc":{"start":{"line":85,"column":22},"end":{"line":85,"column":38}},"locations":[{"start":{"line":85,"column":22},"end":{"line":85,"column":38}}]},"21":{"type":"branch","line":88,"loc":{"start":{"line":88,"column":12},"end":{"line":88,"column":36}},"locations":[{"start":{"line":88,"column":12},"end":{"line":88,"column":36}}]},"22":{"type":"branch","line":88,"loc":{"start":{"line":88,"column":30},"end":{"line":89,"column":51}},"locations":[{"start":{"line":88,"column":30},"end":{"line":89,"column":51}}]},"23":{"type":"branch","line":89,"loc":{"start":{"line":89,"column":50},"end":{"line":90,"column":22}},"locations":[{"start":{"line":89,"column":50},"end":{"line":90,"column":22}}]},"24":{"type":"branch","line":95,"loc":{"start":{"line":95,"column":25},"end":{"line":124,"column":7}},"locations":[{"start":{"line":95,"column":25},"end":{"line":124,"column":7}}]},"25":{"type":"branch","line":103,"loc":{"start":{"line":103,"column":26},"end":{"line":103,"column":50}},"locations":[{"start":{"line":103,"column":26},"end":{"line":103,"column":50}}]},"26":{"type":"branch","line":103,"loc":{"start":{"line":103,"column":38},"end":{"line":103,"column":60}},"locations":[{"start":{"line":103,"column":38},"end":{"line":103,"column":60}}]},"27":{"type":"branch","line":106,"loc":{"start":{"line":106,"column":12},"end":{"line":106,"column":39}},"locations":[{"start":{"line":106,"column":12},"end":{"line":106,"column":39}}]},"28":{"type":"branch","line":106,"loc":{"start":{"line":106,"column":30},"end":{"line":108,"column":57}},"locations":[{"start":{"line":106,"column":30},"end":{"line":108,"column":57}}]},"29":{"type":"branch","line":107,"loc":{"start":{"line":107,"column":54},"end":{"line":108,"column":57}},"locations":[{"start":{"line":107,"column":54},"end":{"line":108,"column":57}}]},"30":{"type":"branch","line":109,"loc":{"start":{"line":109,"column":12},"end":{"line":111,"column":11}},"locations":[{"start":{"line":109,"column":12},"end":{"line":111,"column":11}}]},"31":{"type":"branch","line":114,"loc":{"start":{"line":114,"column":18},"end":{"line":114,"column":34}},"locations":[{"start":{"line":114,"column":18},"end":{"line":114,"column":34}}]},"32":{"type":"branch","line":114,"loc":{"start":{"line":114,"column":30},"end":{"line":114,"column":36}},"locations":[{"start":{"line":114,"column":30},"end":{"line":114,"column":36}}]},"33":{"type":"branch","line":117,"loc":{"start":{"line":117,"column":14},"end":{"line":117,"column":38}},"locations":[{"start":{"line":117,"column":14},"end":{"line":117,"column":38}}]},"34":{"type":"branch","line":117,"loc":{"start":{"line":117,"column":32},"end":{"line":119,"column":60}},"locations":[{"start":{"line":117,"column":32},"end":{"line":119,"column":60}}]},"35":{"type":"branch","line":118,"loc":{"start":{"line":118,"column":59},"end":{"line":119,"column":60}},"locations":[{"start":{"line":118,"column":59},"end":{"line":119,"column":60}}]},"36":{"type":"branch","line":119,"loc":{"start":{"line":119,"column":59},"end":{"line":120,"column":24}},"locations":[{"start":{"line":119,"column":59},"end":{"line":120,"column":24}}]},"37":{"type":"branch","line":130,"loc":{"start":{"line":130,"column":28},"end":{"line":137,"column":7}},"locations":[{"start":{"line":130,"column":28},"end":{"line":137,"column":7}}]},"38":{"type":"branch","line":134,"loc":{"start":{"line":134,"column":8},"end":{"line":136,"column":9}},"locations":[{"start":{"line":134,"column":8},"end":{"line":136,"column":9}}]},"39":{"type":"branch","line":150,"loc":{"start":{"line":150,"column":0},"end":{"line":215,"column":1}},"locations":[{"start":{"line":150,"column":0},"end":{"line":215,"column":1}}]},"40":{"type":"branch","line":157,"loc":{"start":{"line":157,"column":16},"end":{"line":164,"column":3}},"locations":[{"start":{"line":157,"column":16},"end":{"line":164,"column":3}}]},"41":{"type":"branch","line":164,"loc":{"start":{"line":164,"column":2},"end":{"line":215,"column":1}},"locations":[{"start":{"line":164,"column":2},"end":{"line":215,"column":1}}]}},"b":{"0":[2],"1":[2],"2":[1],"3":[1],"4":[2],"5":[0],"6":[1],"7":[0],"8":[4],"9":[2],"10":[2],"11":[6],"12":[2],"13":[4],"14":[2],"15":[2],"16":[4],"17":[3],"18":[3],"19":[2],"20":[0],"21":[3],"22":[3],"23":[3],"24":[4],"25":[2],"26":[2],"27":[2],"28":[2],"29":[1],"30":[2],"31":[2],"32":[2],"33":[2],"34":[2],"35":[1],"36":[2],"37":[1],"38":[0],"39":[3],"40":[1],"41":[2]},"fnMap":{"0":{"name":"GraphLoader","decl":{"start":{"line":22,"column":0},"end":{"line":147,"column":1}},"loc":{"start":{"line":22,"column":0},"end":{"line":147,"column":1}},"line":22},"1":{"name":"clickNode","decl":{"start":{"line":41,"column":17},"end":{"line":41,"column":47}},"loc":{"start":{"line":41,"column":17},"end":{"line":41,"column":47}},"line":41},"2":{"name":"clickStage","decl":{"start":{"line":42,"column":18},"end":{"line":42,"column":45}},"loc":{"start":{"line":42,"column":18},"end":{"line":42,"column":45}},"line":42},"3":{"name":"getCommunityColor","decl":{"start":{"line":59,"column":32},"end":{"line":60,"column":80}},"loc":{"start":{"line":59,"column":32},"end":{"line":60,"column":80}},"line":59},"4":{"name":"MethodCallGraph","decl":{"start":{"line":150,"column":0},"end":{"line":215,"column":1}},"loc":{"start":{"line":150,"column":0},"end":{"line":215,"column":1}},"line":150}},"f":{"0":2,"1":1,"2":1,"3":4,"4":3}}
,"/Users/fabiangonzalez/Documents/oscar-dependency-observatory/oscar-dependency-observatory/frontend/src/components/TopRiskTable.tsx": {"path":"/Users/fabiangonzalez/Documents/oscar-dependency-observatory/oscar-dependency-observatory/frontend/src/components/TopRiskTable.tsx","all":false,"statementMap":{"0":{"start":{"line":1,"column":0},"end":{"line":1,"column":33}},"1":{"start":{"line":2,"column":0},"end":{"line":2,"column":69}},"2":{"start":{"line":3,"column":0},"end":{"line":3,"column":40}},"9":{"start":{"line":10,"column":0},"end":{"line":10,"column":68}},"10":{"start":{"line":11,"column":0},"end":{"line":11,"column":52}},"11":{"start":{"line":12,"column":0},"end":{"line":12,"column":47}},"13":{"start":{"line":14,"column":0},"end":{"line":14,"column":22}},"14":{"start":{"line":15,"column":0},"end":{"line":15,"column":12}},"15":{"start":{"line":16,"column":0},"end":{"line":16,"column":94}},"16":{"start":{"line":17,"column":0},"end":{"line":17,"column":91}},"17":{"start":{"line":18,"column":0},"end":{"line":18,"column":12}},"19":{"start":{"line":20,"column":0},"end":{"line":20,"column":3}},"22":{"start":{"line":23,"column":0},"end":{"line":23,"column":56}},"24":{"start":{"line":25,"column":0},"end":{"line":25,"column":74}},"26":{"start":{"line":27,"column":0},"end":{"line":27,"column":55}},"27":{"start":{"line":28,"column":0},"end":{"line":28,"column":72}},"30":{"start":{"line":31,"column":0},"end":{"line":31,"column":47}},"31":{"start":{"line":32,"column":0},"end":{"line":32,"column":94}},"32":{"start":{"line":33,"column":0},"end":{"line":33,"column":102}},"33":{"start":{"line":34,"column":0},"end":{"line":34,"column":83}},"34":{"start":{"line":35,"column":0},"end":{"line":35,"column":4}},"37":{"start":{"line":38,"column":0},"end":{"line":38,"column":34}},"38":{"start":{"line":39,"column":0},"end":{"line":39,"column":39}},"39":{"start":{"line":40,"column":0},"end":{"line":40,"column":22}},"40":{"start":{"line":41,"column":0},"end":{"line":41,"column":50}},"41":{"start":{"line":42,"column":0},"end":{"line":42,"column":4}},"43":{"start":{"line":44,"column":0},"end":{"line":44,"column":10}},"44":{"start":{"line":45,"column":0},"end":{"line":45,"column":88}},"45":{"start":{"line":46,"column":0},"end":{"line":46,"column":56}},"46":{"start":{"line":47,"column":0},"end":{"line":47,"column":70}},"47":{"start":{"line":48,"column":0},"end":{"line":48,"column":126}},"48":{"start":{"line":49,"column":0},"end":{"line":49,"column":16}},"49":{"start":{"line":50,"column":0},"end":{"line":50,"column":52}},"50":{"start":{"line":51,"column":0},"end":{"line":51,"column":52}},"51":{"start":{"line":52,"column":0},"end":{"line":52,"column":45}},"53":{"start":{"line":54,"column":0},"end":{"line":54,"column":99}},"54":{"start":{"line":55,"column":0},"end":{"line":55,"column":19}},"55":{"start":{"line":56,"column":0},"end":{"line":56,"column":135}},"56":{"start":{"line":57,"column":0},"end":{"line":57,"column":63}},"57":{"start":{"line":58,"column":0},"end":{"line":58,"column":76}},"58":{"start":{"line":59,"column":0},"end":{"line":59,"column":63}},"59":{"start":{"line":60,"column":0},"end":{"line":60,"column":17}},"60":{"start":{"line":61,"column":0},"end":{"line":61,"column":18}},"61":{"start":{"line":62,"column":0},"end":{"line":62,"column":54}},"62":{"start":{"line":63,"column":0},"end":{"line":63,"column":43}},"63":{"start":{"line":64,"column":0},"end":{"line":64,"column":75}},"64":{"start":{"line":65,"column":0},"end":{"line":65,"column":52}},"66":{"start":{"line":67,"column":0},"end":{"line":67,"column":22}},"67":{"start":{"line":68,"column":0},"end":{"line":68,"column":88}},"68":{"start":{"line":69,"column":0},"end":{"line":69,"column":44}},"69":{"start":{"line":70,"column":0},"end":{"line":70,"column":78}},"70":{"start":{"line":71,"column":0},"end":{"line":71,"column":88}},"71":{"start":{"line":72,"column":0},"end":{"line":72,"column":23}},"72":{"start":{"line":73,"column":0},"end":{"line":73,"column":76}},"73":{"start":{"line":74,"column":0},"end":{"line":74,"column":35}},"74":{"start":{"line":75,"column":0},"end":{"line":75,"column":23}},"75":{"start":{"line":76,"column":0},"end":{"line":76,"column":58}},"76":{"start":{"line":77,"column":0},"end":{"line":77,"column":59}},"77":{"start":{"line":78,"column":0},"end":{"line":78,"column":63}},"78":{"start":{"line":79,"column":0},"end":{"line":79,"column":138}},"79":{"start":{"line":80,"column":0},"end":{"line":80,"column":56}},"80":{"start":{"line":81,"column":0},"end":{"line":81,"column":31}},"81":{"start":{"line":82,"column":0},"end":{"line":82,"column":81}},"82":{"start":{"line":83,"column":0},"end":{"line":83,"column":109}},"83":{"start":{"line":84,"column":0},"end":{"line":84,"column":31}},"84":{"start":{"line":85,"column":0},"end":{"line":85,"column":28}},"85":{"start":{"line":86,"column":0},"end":{"line":86,"column":93}},"86":{"start":{"line":87,"column":0},"end":{"line":87,"column":28}},"87":{"start":{"line":88,"column":0},"end":{"line":88,"column":73}},"88":{"start":{"line":89,"column":0},"end":{"line":89,"column":67}},"89":{"start":{"line":90,"column":0},"end":{"line":90,"column":26}},"90":{"start":{"line":91,"column":0},"end":{"line":91,"column":28}},"91":{"start":{"line":92,"column":0},"end":{"line":92,"column":26}},"92":{"start":{"line":93,"column":0},"end":{"line":93,"column":23}},"93":{"start":{"line":94,"column":0},"end":{"line":94,"column":68}},"94":{"start":{"line":95,"column":0},"end":{"line":95,"column":67}},"95":{"start":{"line":96,"column":0},"end":{"line":96,"column":63}},"96":{"start":{"line":97,"column":0},"end":{"line":97,"column":92}},"97":{"start":{"line":98,"column":0},"end":{"line":98,"column":109}},"98":{"start":{"line":99,"column":0},"end":{"line":99,"column":28}},"99":{"start":{"line":100,"column":0},"end":{"line":100,"column":147}},"100":{"start":{"line":101,"column":0},"end":{"line":101,"column":87}},"101":{"start":{"line":102,"column":0},"end":{"line":102,"column":136}},"102":{"start":{"line":103,"column":0},"end":{"line":103,"column":28}},"103":{"start":{"line":104,"column":0},"end":{"line":104,"column":26}},"104":{"start":{"line":105,"column":0},"end":{"line":105,"column":23}},"105":{"start":{"line":106,"column":0},"end":{"line":106,"column":68}},"106":{"start":{"line":107,"column":0},"end":{"line":107,"column":67}},"107":{"start":{"line":108,"column":0},"end":{"line":108,"column":63}},"108":{"start":{"line":109,"column":0},"end":{"line":109,"column":93}},"109":{"start":{"line":110,"column":0},"end":{"line":110,"column":109}},"110":{"start":{"line":111,"column":0},"end":{"line":111,"column":28}},"111":{"start":{"line":112,"column":0},"end":{"line":112,"column":63}},"112":{"start":{"line":113,"column":0},"end":{"line":113,"column":112}},"113":{"start":{"line":114,"column":0},"end":{"line":114,"column":136}},"114":{"start":{"line":115,"column":0},"end":{"line":115,"column":28}},"115":{"start":{"line":116,"column":0},"end":{"line":116,"column":26}},"116":{"start":{"line":117,"column":0},"end":{"line":117,"column":23}},"117":{"start":{"line":118,"column":0},"end":{"line":118,"column":68}},"118":{"start":{"line":119,"column":0},"end":{"line":119,"column":67}},"119":{"start":{"line":120,"column":0},"end":{"line":120,"column":80}},"120":{"start":{"line":121,"column":0},"end":{"line":121,"column":118}},"121":{"start":{"line":122,"column":0},"end":{"line":122,"column":99}},"122":{"start":{"line":123,"column":0},"end":{"line":123,"column":80}},"123":{"start":{"line":124,"column":0},"end":{"line":124,"column":31}},"124":{"start":{"line":125,"column":0},"end":{"line":125,"column":28}},"125":{"start":{"line":126,"column":0},"end":{"line":126,"column":92}},"126":{"start":{"line":127,"column":0},"end":{"line":127,"column":118}},"127":{"start":{"line":128,"column":0},"end":{"line":128,"column":105}},"128":{"start":{"line":129,"column":0},"end":{"line":129,"column":102}},"129":{"start":{"line":130,"column":0},"end":{"line":130,"column":31}},"130":{"start":{"line":131,"column":0},"end":{"line":131,"column":28}},"131":{"start":{"line":132,"column":0},"end":{"line":132,"column":26}},"132":{"start":{"line":133,"column":0},"end":{"line":133,"column":23}},"133":{"start":{"line":134,"column":0},"end":{"line":134,"column":55}},"134":{"start":{"line":135,"column":0},"end":{"line":135,"column":25}},"135":{"start":{"line":136,"column":0},"end":{"line":136,"column":108}},"136":{"start":{"line":137,"column":0},"end":{"line":137,"column":209}},"137":{"start":{"line":138,"column":0},"end":{"line":138,"column":40}},"139":{"start":{"line":140,"column":0},"end":{"line":140,"column":56}},"140":{"start":{"line":141,"column":0},"end":{"line":141,"column":27}},"141":{"start":{"line":142,"column":0},"end":{"line":142,"column":23}},"142":{"start":{"line":143,"column":0},"end":{"line":143,"column":21}},"144":{"start":{"line":145,"column":0},"end":{"line":145,"column":15}},"145":{"start":{"line":146,"column":0},"end":{"line":146,"column":18}},"146":{"start":{"line":147,"column":0},"end":{"line":147,"column":16}},"147":{"start":{"line":148,"column":0},"end":{"line":148,"column":12}},"150":{"start":{"line":151,"column":0},"end":{"line":151,"column":26}},"151":{"start":{"line":152,"column":0},"end":{"line":152,"column":125}},"152":{"start":{"line":153,"column":0},"end":{"line":153,"column":51}},"153":{"start":{"line":154,"column":0},"end":{"line":154,"column":73}},"154":{"start":{"line":155,"column":0},"end":{"line":155,"column":19}},"155":{"start":{"line":156,"column":0},"end":{"line":156,"column":30}},"156":{"start":{"line":157,"column":0},"end":{"line":157,"column":32}},"157":{"start":{"line":158,"column":0},"end":{"line":158,"column":52}},"158":{"start":{"line":159,"column":0},"end":{"line":159,"column":57}},"159":{"start":{"line":160,"column":0},"end":{"line":160,"column":16}},"160":{"start":{"line":161,"column":0},"end":{"line":161,"column":114}},"162":{"start":{"line":163,"column":0},"end":{"line":163,"column":44}},"163":{"start":{"line":164,"column":0},"end":{"line":164,"column":44}},"164":{"start":{"line":165,"column":0},"end":{"line":165,"column":44}},"165":{"start":{"line":166,"column":0},"end":{"line":166,"column":46}},"166":{"start":{"line":167,"column":0},"end":{"line":167,"column":21}},"167":{"start":{"line":168,"column":0},"end":{"line":168,"column":16}},"169":{"start":{"line":170,"column":0},"end":{"line":170,"column":51}},"170":{"start":{"line":171,"column":0},"end":{"line":171,"column":52}},"171":{"start":{"line":172,"column":0},"end":{"line":172,"column":226}},"172":{"start":{"line":173,"column":0},"end":{"line":173,"column":19}},"174":{"start":{"line":175,"column":0},"end":{"line":175,"column":53}},"175":{"start":{"line":176,"column":0},"end":{"line":176,"column":21}},"176":{"start":{"line":177,"column":0},"end":{"line":177,"column":77}},"177":{"start":{"line":178,"column":0},"end":{"line":178,"column":49}},"178":{"start":{"line":179,"column":0},"end":{"line":179,"column":123}},"179":{"start":{"line":180,"column":0},"end":{"line":180,"column":37}},"181":{"start":{"line":182,"column":0},"end":{"line":182,"column":65}},"182":{"start":{"line":183,"column":0},"end":{"line":183,"column":23}},"183":{"start":{"line":184,"column":0},"end":{"line":184,"column":21}},"184":{"start":{"line":185,"column":0},"end":{"line":185,"column":86}},"185":{"start":{"line":186,"column":0},"end":{"line":186,"column":58}},"186":{"start":{"line":187,"column":0},"end":{"line":187,"column":123}},"187":{"start":{"line":188,"column":0},"end":{"line":188,"column":33}},"189":{"start":{"line":190,"column":0},"end":{"line":190,"column":66}},"190":{"start":{"line":191,"column":0},"end":{"line":191,"column":23}},"191":{"start":{"line":192,"column":0},"end":{"line":192,"column":18}},"192":{"start":{"line":193,"column":0},"end":{"line":193,"column":16}},"193":{"start":{"line":194,"column":0},"end":{"line":194,"column":14}},"195":{"start":{"line":196,"column":0},"end":{"line":196,"column":10}},"197":{"start":{"line":198,"column":0},"end":{"line":198,"column":1}}},"s":{"0":1,"1":1,"2":1,"9":13,"10":13,"11":13,"13":13,"14":7,"15":7,"16":7,"17":7,"19":7,"22":6,"24":6,"26":6,"27":6,"30":6,"31":60,"32":30,"33":0,"34":60,"37":6,"38":60,"39":60,"40":60,"41":60,"43":6,"44":6,"45":6,"46":6,"47":6,"48":6,"49":6,"50":6,"51":6,"53":6,"54":6,"55":6,"56":6,"57":6,"58":6,"59":6,"60":6,"61":6,"62":6,"63":60,"64":60,"66":60,"67":60,"68":60,"69":60,"70":60,"71":60,"72":60,"73":60,"74":60,"75":60,"76":60,"77":60,"78":60,"79":60,"80":60,"81":60,"82":60,"83":60,"84":60,"85":60,"86":60,"87":60,"88":60,"89":60,"90":60,"91":60,"92":60,"93":60,"94":60,"95":60,"96":60,"97":60,"98":60,"99":60,"100":60,"101":60,"102":60,"103":60,"104":60,"105":60,"106":60,"107":60,"108":60,"109":60,"110":60,"111":60,"112":60,"113":60,"114":60,"115":60,"116":60,"117":60,"118":60,"119":60,"120":60,"121":60,"122":60,"123":60,"124":60,"125":60,"126":60,"127":60,"128":60,"129":60,"130":60,"131":60,"132":60,"133":60,"134":60,"135":60,"136":60,"137":60,"139":60,"140":60,"141":60,"142":60,"144":6,"145":6,"146":6,"147":6,"150":6,"151":5,"152":5,"153":5,"154":5,"155":5,"156":5,"157":1,"158":1,"159":1,"160":5,"162":5,"163":5,"164":5,"165":5,"166":5,"167":5,"169":5,"170":5,"171":5,"172":5,"174":5,"175":5,"176":5,"177":5,"178":5,"179":5,"181":5,"182":5,"183":5,"184":5,"185":5,"186":5,"187":5,"189":5,"190":5,"191":5,"192":5,"193":5,"195":13,"197":13},"branchMap":{"0":{"type":"branch","line":10,"loc":{"start":{"line":10,"column":0},"end":{"line":198,"column":1}},"locations":[{"start":{"line":10,"column":0},"end":{"line":198,"column":1}}]},"1":{"type":"branch","line":14,"loc":{"start":{"line":14,"column":21},"end":{"line":194,"column":14}},"locations":[{"start":{"line":14,"column":21},"end":{"line":194,"column":14}}]},"2":{"type":"branch","line":20,"loc":{"start":{"line":20,"column":2},"end":{"line":151,"column":26}},"locations":[{"start":{"line":20,"column":2},"end":{"line":151,"column":26}}]},"3":{"type":"branch","line":151,"loc":{"start":{"line":151,"column":20},"end":{"line":194,"column":14}},"locations":[{"start":{"line":151,"column":20},"end":{"line":194,"column":14}}]},"4":{"type":"branch","line":31,"loc":{"start":{"line":31,"column":29},"end":{"line":35,"column":4}},"locations":[{"start":{"line":31,"column":29},"end":{"line":35,"column":4}}]},"5":{"type":"branch","line":32,"loc":{"start":{"line":32,"column":19},"end":{"line":33,"column":102}},"locations":[{"start":{"line":32,"column":19},"end":{"line":33,"column":102}}]},"6":{"type":"branch","line":33,"loc":{"start":{"line":33,"column":100},"end":{"line":34,"column":83}},"locations":[{"start":{"line":33,"column":100},"end":{"line":34,"column":83}}]},"7":{"type":"branch","line":38,"loc":{"start":{"line":38,"column":18},"end":{"line":42,"column":4}},"locations":[{"start":{"line":38,"column":18},"end":{"line":42,"column":4}}]},"8":{"type":"branch","line":41,"loc":{"start":{"line":41,"column":31},"end":{"line":41,"column":44}},"locations":[{"start":{"line":41,"column":31},"end":{"line":41,"column":44}}]},"9":{"type":"branch","line":41,"loc":{"start":{"line":41,"column":39},"end":{"line":41,"column":50}},"locations":[{"start":{"line":41,"column":39},"end":{"line":41,"column":50}}]},"10":{"type":"branch","line":63,"loc":{"start":{"line":63,"column":32},"end":{"line":145,"column":13}},"locations":[{"start":{"line":63,"column":32},"end":{"line":145,"column":13}}]},"11":{"type":"branch","line":123,"loc":{"start":{"line":123,"column":66},"end":{"line":123,"column":80}},"locations":[{"start":{"line":123,"column":66},"end":{"line":123,"column":80}}]},"12":{"type":"branch","line":129,"loc":{"start":{"line":129,"column":88},"end":{"line":129,"column":102}},"locations":[{"start":{"line":129,"column":88},"end":{"line":129,"column":102}}]},"13":{"type":"branch","line":157,"loc":{"start":{"line":157,"column":24},"end":{"line":160,"column":16}},"locations":[{"start":{"line":157,"column":24},"end":{"line":160,"column":16}}]},"14":{"type":"branch","line":177,"loc":{"start":{"line":177,"column":25},"end":{"line":177,"column":77}},"locations":[{"start":{"line":177,"column":25},"end":{"line":177,"column":77}}]},"15":{"type":"branch","line":177,"loc":{"start":{"line":177,"column":46},"end":{"line":177,"column":75}},"locations":[{"start":{"line":177,"column":46},"end":{"line":177,"column":75}}]},"16":{"type":"branch","line":185,"loc":{"start":{"line":185,"column":25},"end":{"line":185,"column":86}},"locations":[{"start":{"line":185,"column":25},"end":{"line":185,"column":86}}]},"17":{"type":"branch","line":185,"loc":{"start":{"line":185,"column":46},"end":{"line":185,"column":84}},"locations":[{"start":{"line":185,"column":46},"end":{"line":185,"column":84}}]}},"b":{"0":[13],"1":[7],"2":[6],"3":[5],"4":[60],"5":[30],"6":[0],"7":[60],"8":[34],"9":[34],"10":[60],"11":[0],"12":[0],"13":[1],"14":[1],"15":[1],"16":[1],"17":[1]},"fnMap":{"0":{"name":"TopRiskTable","decl":{"start":{"line":10,"column":0},"end":{"line":198,"column":1}},"loc":{"start":{"line":10,"column":0},"end":{"line":198,"column":1}},"line":10},"1":{"name":"getPercentileColor","decl":{"start":{"line":31,"column":29},"end":{"line":35,"column":4}},"loc":{"start":{"line":31,"column":29},"end":{"line":35,"column":4}},"line":31},"2":{"name":"ordinal","decl":{"start":{"line":38,"column":18},"end":{"line":42,"column":4}},"loc":{"start":{"line":38,"column":18},"end":{"line":42,"column":4}},"line":38},"3":{"name":"onChange","decl":{"start":{"line":157,"column":24},"end":{"line":160,"column":16}},"loc":{"start":{"line":157,"column":24},"end":{"line":160,"column":16}},"line":157},"4":{"name":"onClick","decl":{"start":{"line":177,"column":25},"end":{"line":177,"column":77}},"loc":{"start":{"line":177,"column":25},"end":{"line":177,"column":77}},"line":177},"5":{"name":"onClick","decl":{"start":{"line":185,"column":25},"end":{"line":185,"column":86}},"loc":{"start":{"line":185,"column":25},"end":{"line":185,"column":86}},"line":185}},"f":{"0":13,"1":60,"2":60,"3":1,"4":1,"5":1}}
,"/Users/fabiangonzalez/Documents/oscar-dependency-observatory/oscar-dependency-observatory/frontend/src/hooks/useAnalyticsQuery.ts": {"path":"/Users/fabiangonzalez/Documents/oscar-dependency-observatory/oscar-dependency-observatory/frontend/src/hooks/useAnalyticsQuery.ts","all":false,"statementMap":{"0":{"start":{"line":1,"column":0},"end":{"line":1,"column":49}},"1":{"start":{"line":2,"column":0},"end":{"line":2,"column":58}},"9":{"start":{"line":10,"column":0},"end":{"line":10,"column":86}},"10":{"start":{"line":11,"column":0},"end":{"line":11,"column":43}},"11":{"start":{"line":12,"column":0},"end":{"line":12,"column":44}},"12":{"start":{"line":13,"column":0},"end":{"line":13,"column":48}},"13":{"start":{"line":14,"column":0},"end":{"line":14,"column":29}},"14":{"start":{"line":15,"column":0},"end":{"line":15,"column":5}},"15":{"start":{"line":16,"column":0},"end":{"line":16,"column":2}},"17":{"start":{"line":18,"column":0},"end":{"line":18,"column":56}},"18":{"start":{"line":19,"column":0},"end":{"line":19,"column":44}},"19":{"start":{"line":20,"column":0},"end":{"line":20,"column":38}},"20":{"start":{"line":21,"column":0},"end":{"line":21,"column":42}},"21":{"start":{"line":22,"column":0},"end":{"line":22,"column":30}},"22":{"start":{"line":23,"column":0},"end":{"line":23,"column":5}},"23":{"start":{"line":24,"column":0},"end":{"line":24,"column":2}}},"s":{"0":1,"1":1,"9":1,"10":3,"11":3,"12":3,"13":3,"14":3,"15":3,"17":1,"18":3,"19":3,"20":3,"21":3,"22":3,"23":3},"branchMap":{"0":{"type":"branch","line":10,"loc":{"start":{"line":10,"column":33},"end":{"line":16,"column":2}},"locations":[{"start":{"line":10,"column":33},"end":{"line":16,"column":2}}]},"1":{"type":"branch","line":13,"loc":{"start":{"line":13,"column":13},"end":{"line":13,"column":48}},"locations":[{"start":{"line":13,"column":13},"end":{"line":13,"column":48}}]},"2":{"type":"branch","line":18,"loc":{"start":{"line":18,"column":32},"end":{"line":24,"column":2}},"locations":[{"start":{"line":18,"column":32},"end":{"line":24,"column":2}}]},"3":{"type":"branch","line":21,"loc":{"start":{"line":21,"column":13},"end":{"line":21,"column":42}},"locations":[{"start":{"line":21,"column":13},"end":{"line":21,"column":42}}]}},"b":{"0":[3],"1":[2],"2":[3],"3":[2]},"fnMap":{"0":{"name":"useAnalyticsQuery","decl":{"start":{"line":10,"column":33},"end":{"line":16,"column":2}},"loc":{"start":{"line":10,"column":33},"end":{"line":16,"column":2}},"line":10},"1":{"name":"queryFn","decl":{"start":{"line":13,"column":13},"end":{"line":13,"column":48}},"loc":{"start":{"line":13,"column":13},"end":{"line":13,"column":48}},"line":13},"2":{"name":"useCoverageQuery","decl":{"start":{"line":18,"column":32},"end":{"line":24,"column":2}},"loc":{"start":{"line":18,"column":32},"end":{"line":24,"column":2}},"line":18},"3":{"name":"queryFn","decl":{"start":{"line":21,"column":13},"end":{"line":21,"column":42}},"loc":{"start":{"line":21,"column":13},"end":{"line":21,"column":42}},"line":21}},"f":{"0":3,"1":2,"2":3,"3":2}}
,"/Users/fabiangonzalez/Documents/oscar-dependency-observatory/oscar-dependency-observatory/frontend/src/hooks/useGraphQuery.ts": {"path":"/Users/fabiangonzalez/Documents/oscar-dependency-observatory/oscar-dependency-observatory/frontend/src/hooks/useGraphQuery.ts","all":false,"statementMap":{"0":{"start":{"line":1,"column":0},"end":{"line":1,"column":49}},"1":{"start":{"line":2,"column":0},"end":{"line":2,"column":53}},"9":{"start":{"line":10,"column":0},"end":{"line":10,"column":31}},"10":{"start":{"line":11,"column":0},"end":{"line":11,"column":12}},"11":{"start":{"line":12,"column":0},"end":{"line":12,"column":14}},"12":{"start":{"line":13,"column":0},"end":{"line":13,"column":10}},"13":{"start":{"line":14,"column":0},"end":{"line":14,"column":25}},"14":{"start":{"line":15,"column":0},"end":{"line":15,"column":19}},"15":{"start":{"line":16,"column":0},"end":{"line":16,"column":68}},"16":{"start":{"line":17,"column":0},"end":{"line":17,"column":74}},"17":{"start":{"line":18,"column":0},"end":{"line":18,"column":55}},"18":{"start":{"line":19,"column":0},"end":{"line":19,"column":108}},"19":{"start":{"line":20,"column":0},"end":{"line":20,"column":17}},"20":{"start":{"line":21,"column":0},"end":{"line":21,"column":5}},"21":{"start":{"line":22,"column":0},"end":{"line":22,"column":1}}},"s":{"0":1,"1":1,"9":1,"10":3,"11":3,"12":3,"13":3,"14":3,"15":3,"16":3,"17":3,"18":3,"19":3,"20":3,"21":3},"branchMap":{"0":{"type":"branch","line":10,"loc":{"start":{"line":10,"column":7},"end":{"line":22,"column":1}},"locations":[{"start":{"line":10,"column":7},"end":{"line":22,"column":1}}]},"1":{"type":"branch","line":18,"loc":{"start":{"line":18,"column":15},"end":{"line":18,"column":45}},"locations":[{"start":{"line":18,"column":15},"end":{"line":18,"column":45}}]},"2":{"type":"branch","line":18,"loc":{"start":{"line":18,"column":30},"end":{"line":18,"column":55}},"locations":[{"start":{"line":18,"column":30},"end":{"line":18,"column":55}}]},"3":{"type":"branch","line":17,"loc":{"start":{"line":17,"column":13},"end":{"line":17,"column":74}},"locations":[{"start":{"line":17,"column":13},"end":{"line":17,"column":74}}]}},"b":{"0":[3],"1":[2],"2":[2],"3":[1]},"fnMap":{"0":{"name":"useGraphQuery","decl":{"start":{"line":10,"column":7},"end":{"line":22,"column":1}},"loc":{"start":{"line":10,"column":7},"end":{"line":22,"column":1}},"line":10},"1":{"name":"queryFn","decl":{"start":{"line":17,"column":13},"end":{"line":17,"column":74}},"loc":{"start":{"line":17,"column":13},"end":{"line":17,"column":74}},"line":17}},"f":{"0":3,"1":1}}
,"/Users/fabiangonzalez/Documents/oscar-dependency-observatory/oscar-dependency-observatory/frontend/src/hooks/usePackageQuery.ts": {"path":"/Users/fabiangonzalez/Documents/oscar-dependency-observatory/oscar-dependency-observatory/frontend/src/hooks/usePackageQuery.ts","all":false,"statementMap":{"0":{"start":{"line":1,"column":0},"end":{"line":1,"column":49}},"1":{"start":{"line":2,"column":0},"end":{"line":2,"column":52}},"10":{"start":{"line":11,"column":0},"end":{"line":11,"column":33}},"11":{"start":{"line":12,"column":0},"end":{"line":12,"column":12}},"12":{"start":{"line":13,"column":0},"end":{"line":13,"column":14}},"13":{"start":{"line":14,"column":0},"end":{"line":14,"column":10}},"14":{"start":{"line":15,"column":0},"end":{"line":15,"column":17}},"15":{"start":{"line":16,"column":0},"end":{"line":16,"column":27}},"16":{"start":{"line":17,"column":0},"end":{"line":17,"column":19}},"17":{"start":{"line":18,"column":0},"end":{"line":18,"column":59}},"18":{"start":{"line":19,"column":0},"end":{"line":19,"column":70}},"19":{"start":{"line":20,"column":0},"end":{"line":20,"column":66}},"20":{"start":{"line":21,"column":0},"end":{"line":21,"column":105}},"21":{"start":{"line":22,"column":0},"end":{"line":22,"column":5}},"22":{"start":{"line":23,"column":0},"end":{"line":23,"column":1}}},"s":{"0":1,"1":1,"10":1,"11":3,"12":3,"13":3,"14":3,"15":3,"16":3,"17":3,"18":3,"19":3,"20":3,"21":3,"22":3},"branchMap":{"0":{"type":"branch","line":11,"loc":{"start":{"line":11,"column":7},"end":{"line":23,"column":1}},"locations":[{"start":{"line":11,"column":7},"end":{"line":23,"column":1}}]},"1":{"type":"branch","line":20,"loc":{"start":{"line":20,"column":13},"end":{"line":20,"column":39}},"locations":[{"start":{"line":20,"column":13},"end":{"line":20,"column":39}}]},"2":{"type":"branch","line":20,"loc":{"start":{"line":20,"column":26},"end":{"line":20,"column":56}},"locations":[{"start":{"line":20,"column":26},"end":{"line":20,"column":56}}]},"3":{"type":"branch","line":20,"loc":{"start":{"line":20,"column":41},"end":{"line":20,"column":66}},"locations":[{"start":{"line":20,"column":41},"end":{"line":20,"column":66}}]},"4":{"type":"branch","line":19,"loc":{"start":{"line":19,"column":13},"end":{"line":19,"column":70}},"locations":[{"start":{"line":19,"column":13},"end":{"line":19,"column":70}}]}},"b":{"0":[3],"1":[2],"2":[2],"3":[2],"4":[1]},"fnMap":{"0":{"name":"usePackageQuery","decl":{"start":{"line":11,"column":7},"end":{"line":23,"column":1}},"loc":{"start":{"line":11,"column":7},"end":{"line":23,"column":1}},"line":11},"1":{"name":"queryFn","decl":{"start":{"line":19,"column":13},"end":{"line":19,"column":70}},"loc":{"start":{"line":19,"column":13},"end":{"line":19,"column":70}},"line":19}},"f":{"0":3,"1":1}}
[...]
":{"line":21,"column":77}},"21":{"start":{"line":22,"column":0},"end":{"line":22,"column":58}},"24":{"start":{"line":25,"column":0},"end":{"line":25,"column":98}},"25":{"start":{"line":26,"column":0},"end":{"line":26,"column":18}},"26":{"start":{"line":27,"column":0},"end":{"line":27,"column":52}},"27":{"start":{"line":28,"column":0},"end":{"line":28,"column":237}},"28":{"start":{"line":29,"column":0},"end":{"line":29,"column":11}},"30":{"start":{"line":31,"column":0},"end":{"line":31,"column":19}},"31":{"start":{"line":32,"column":0},"end":{"line":32,"column":18}},"32":{"start":{"line":33,"column":0},"end":{"line":33,"column":50}},"33":{"start":{"line":34,"column":0},"end":{"line":34,"column":253}},"35":{"start":{"line":36,"column":0},"end":{"line":36,"column":50}},"37":{"start":{"line":38,"column":0},"end":{"line":38,"column":19}},"38":{"start":{"line":39,"column":0},"end":{"line":39,"column":14}},"40":{"start":{"line":41,"column":0},"end":{"line":41,"column":38}},"41":{"start":{"line":42,"column":0},"end":{"line":42,"column":12}},"42":{"start":{"line":43,"column":0},"end":{"line":43,"column":95}},"43":{"start":{"line":44,"column":0},"end":{"line":44,"column":38}},"44":{"start":{"line":45,"column":0},"end":{"line":45,"column":62}},"45":{"start":{"line":46,"column":0},"end":{"line":46,"column":68}},"46":{"start":{"line":47,"column":0},"end":{"line":47,"column":121}},"47":{"start":{"line":48,"column":0},"end":{"line":48,"column":22}},"48":{"start":{"line":49,"column":0},"end":{"line":49,"column":79}},"52":{"start":{"line":53,"column":0},"end":{"line":53,"column":20}},"53":{"start":{"line":54,"column":0},"end":{"line":54,"column":20}},"55":{"start":{"line":56,"column":0},"end":{"line":56,"column":123}},"56":{"start":{"line":57,"column":0},"end":{"line":57,"column":66}},"57":{"start":{"line":58,"column":0},"end":{"line":58,"column":25}},"58":{"start":{"line":59,"column":0},"end":{"line":59,"column":55}},"59":{"start":{"line":60,"column":0},"end":{"line":60,"column":74}},"60":{"start":{"line":61,"column":0},"end":{"line":61,"column":41}},"61":{"start":{"line":62,"column":0},"end":{"line":62,"column":60}},"62":{"start":{"line":63,"column":0},"end":{"line":63,"column":61}},"63":{"start":{"line":64,"column":0},"end":{"line":64,"column":23}},"64":{"start":{"line":65,"column":0},"end":{"line":65,"column":19}},"66":{"start":{"line":67,"column":0},"end":{"line":67,"column":27}},"67":{"start":{"line":68,"column":0},"end":{"line":68,"column":25}},"68":{"start":{"line":69,"column":0},"end":{"line":69,"column":56}},"69":{"start":{"line":70,"column":0},"end":{"line":70,"column":74}},"70":{"start":{"line":71,"column":0},"end":{"line":71,"column":42}},"71":{"start":{"line":72,"column":0},"end":{"line":72,"column":60}},"72":{"start":{"line":73,"column":0},"end":{"line":73,"column":61}},"73":{"start":{"line":74,"column":0},"end":{"line":74,"column":23}},"74":{"start":{"line":75,"column":0},"end":{"line":75,"column":19}},"76":{"start":{"line":77,"column":0},"end":{"line":77,"column":27}},"77":{"start":{"line":78,"column":0},"end":{"line":78,"column":22}},"79":{"start":{"line":80,"column":0},"end":{"line":80,"column":70}},"81":{"start":{"line":82,"column":0},"end":{"line":82,"column":23}},"82":{"start":{"line":83,"column":0},"end":{"line":83,"column":31}},"83":{"start":{"line":84,"column":0},"end":{"line":84,"column":68}},"84":{"start":{"line":85,"column":0},"end":{"line":85,"column":129}},"86":{"start":{"line":87,"column":0},"end":{"line":87,"column":60}},"87":{"start":{"line":88,"column":0},"end":{"line":88,"column":60}},"88":{"start":{"line":89,"column":0},"end":{"line":89,"column":62}},"89":{"start":{"line":90,"column":0},"end":{"line":90,"column":25}},"90":{"start":{"line":91,"column":0},"end":{"line":91,"column":20}},"91":{"start":{"line":92,"column":0},"end":{"line":92,"column":18}},"94":{"start":{"line":95,"column":0},"end":{"line":95,"column":26}},"95":{"start":{"line":96,"column":0},"end":{"line":96,"column":100}},"96":{"start":{"line":97,"column":0},"end":{"line":97,"column":81}},"97":{"start":{"line":98,"column":0},"end":{"line":98,"column":70}},"98":{"start":{"line":99,"column":0},"end":{"line":99,"column":71}},"99":{"start":{"line":100,"column":0},"end":{"line":100,"column":95}},"100":{"start":{"line":101,"column":0},"end":{"line":101,"column":133}},"101":{"start":{"line":102,"column":0},"end":{"line":102,"column":50}},"102":{"start":{"line":103,"column":0},"end":{"line":103,"column":34}},"103":{"start":{"line":104,"column":0},"end":{"line":104,"column":64}},"104":{"start":{"line":105,"column":0},"end":{"line":105,"column":27}},"105":{"start":{"line":106,"column":0},"end":{"line":106,"column":24}},"107":{"start":{"line":108,"column":0},"end":{"line":108,"column":64}},"108":{"start":{"line":109,"column":0},"end":{"line":109,"column":90}},"109":{"start":{"line":110,"column":0},"end":{"line":110,"column":26}},"110":{"start":{"line":111,"column":0},"end":{"line":111,"column":84}},"111":{"start":{"line":112,"column":0},"end":{"line":112,"column":99}},"112":{"start":{"line":113,"column":0},"end":{"line":113,"column":24}},"113":{"start":{"line":114,"column":0},"end":{"line":114,"column":26}},"114":{"start":{"line":115,"column":0},"end":{"line":115,"column":84}},"115":{"start":{"line":116,"column":0},"end":{"line":116,"column":104}},"116":{"start":{"line":117,"column":0},"end":{"line":117,"column":150}},"117":{"start":{"line":118,"column":0},"end":{"line":118,"column":26}},"118":{"start":{"line":119,"column":0},"end":{"line":119,"column":24}},"120":{"start":{"line":121,"column":0},"end":{"line":121,"column":162}},"121":{"start":{"line":122,"column":0},"end":{"line":122,"column":68}},"122":{"start":{"line":123,"column":0},"end":{"line":123,"column":143}},"123":{"start":{"line":124,"column":0},"end":{"line":124,"column":24}},"124":{"start":{"line":125,"column":0},"end":{"line":125,"column":22}},"125":{"start":{"line":126,"column":0},"end":{"line":126,"column":20}},"129":{"start":{"line":130,"column":0},"end":{"line":130,"column":43}},"130":{"start":{"line":131,"column":0},"end":{"line":131,"column":29}},"131":{"start":{"line":132,"column":0},"end":{"line":132,"column":80}},"132":{"start":{"line":133,"column":0},"end":{"line":133,"column":81}},"133":{"start":{"line":134,"column":0},"end":{"line":134,"column":99}},"134":{"start":{"line":135,"column":0},"end":{"line":135,"column":22}},"137":{"start":{"line":138,"column":0},"end":{"line":138,"column":25}},"138":{"start":{"line":139,"column":0},"end":{"line":139,"column":132}},"139":{"start":{"line":140,"column":0},"end":{"line":140,"column":73}},"140":{"start":{"line":141,"column":0},"end":{"line":141,"column":100}},"141":{"start":{"line":142,"column":0},"end":{"line":142,"column":115}},"142":{"start":{"line":143,"column":0},"end":{"line":143,"column":22}},"145":{"start":{"line":146,"column":0},"end":{"line":146,"column":48}},"146":{"start":{"line":147,"column":0},"end":{"line":147,"column":51}},"148":{"start":{"line":149,"column":0},"end":{"line":149,"column":18}},"149":{"start":{"line":150,"column":0},"end":{"line":150,"column":13}},"152":{"start":{"line":153,"column":0},"end":{"line":153,"column":36}},"153":{"start":{"line":154,"column":0},"end":{"line":154,"column":122}},"154":{"start":{"line":155,"column":0},"end":{"line":155,"column":102}},"155":{"start":{"line":156,"column":0},"end":{"line":156,"column":63}},"156":{"start":{"line":157,"column":0},"end":{"line":157,"column":18}},"157":{"start":{"line":158,"column":0},"end":{"line":158,"column":92}},"158":{"start":{"line":159,"column":0},"end":{"line":159,"column":63}},"160":{"start":{"line":161,"column":0},"end":{"line":161,"column":16}},"161":{"start":{"line":162,"column":0},"end":{"line":162,"column":19}},"162":{"start":{"line":163,"column":0},"end":{"line":163,"column":50}},"163":{"start":{"line":164,"column":0},"end":{"line":164,"column":152}},"164":{"start":{"line":165,"column":0},"end":{"line":165,"column":13}},"165":{"start":{"line":166,"column":0},"end":{"line":166,"column":80}},"166":{"start":{"line":167,"column":0},"end":{"line":167,"column":21}},"167":{"start":{"line":168,"column":0},"end":{"line":168,"column":16}},"170":{"start":{"line":171,"column":0},"end":{"line":171,"column":12}},"171":{"start":{"line":172,"column":0},"end":{"line":172,"column":10}},"173":{"start":{"line":174,"column":0},"end":{"line":174,"column":1}}},"s":{"0":1,"1":1,"2":1,"3":1,"4":1,"6":9,"7":9,"8":9,"9":9,"10":9,"12":9,"13":9,"14":9,"15":9,"17":9,"19":9,"20":9,"21":9,"24":9,"25":9,"26":9,"27":9,"28":9,"30":9,"31":9,"32":9,"33":9,"35":9,"37":9,"38":9,"40":9,"41":8,"42":8,"43":8,"44":8,"45":8,"46":8,"47":8,"48":8,"52":8,"53":8,"55":8,"56":8,"57":8,"58":8,"59":8,"60":8,"61":6,"62":2,"63":8,"64":8,"66":8,"67":8,"68":8,"69":8,"70":8,"71":2,"72":6,"73":8,"74":8,"76":8,"77":8,"79":8,"81":8,"82":8,"83":8,"84":8,"86":8,"87":8,"88":8,"89":8,"90":8,"91":8,"94":8,"95":7,"96":7,"97":7,"98":7,"99":7,"100":7,"101":7,"102":7,"103":0,"104":7,"105":7,"107":7,"108":7,"109":7,"110":7,"111":7,"112":7,"113":7,"114":7,"115":7,"116":7,"117":7,"118":7,"120":7,"121":7,"122":7,"123":7,"124":7,"125":7,"129":8,"130":8,"131":1,"132":1,"133":1,"134":1,"137":8,"138":1,"139":1,"140":1,"141":1,"142":1,"145":8,"146":6,"148":8,"149":8,"152":9,"153":1,"154":1,"155":1,"156":1,"157":1,"158":1,"160":1,"161":1,"162":1,"163":1,"164":1,"165":1,"166":1,"167":1,"170":9,"171":9,"173":9},"branchMap":{"0":{"type":"branch","line":7,"loc":{"start":{"line":7,"column":0},"end":{"line":174,"column":1}},"locations":[{"start":{"line":7,"column":0},"end":{"line":174,"column":1}}]},"1":{"type":"branch","line":28,"loc":{"start":{"line":28,"column":97},"end":{"line":28,"column":175}},"locations":[{"start":{"line":28,"column":97},"end":{"line":28,"column":175}}]},"2":{"type":"branch","line":28,"loc":{"start":{"line":28,"column":111},"end":{"line":28,"column":234}},"locations":[{"start":{"line":28,"column":111},"end":{"line":28,"column":234}}]},"3":{"type":"branch","line":34,"loc":{"start":{"line":34,"column":115},"end":{"line":34,"column":191}},"locations":[{"start":{"line":34,"column":115},"end":{"line":34,"column":191}}]},"4":{"type":"branch","line":34,"loc":{"start":{"line":34,"column":127},"end":{"line":34,"column":250}},"locations":[{"start":{"line":34,"column":127},"end":{"line":34,"column":250}}]},"5":{"type":"branch","line":41,"loc":{"start":{"line":41,"column":22},"end":{"line":150,"column":13}},"locations":[{"start":{"line":41,"column":22},"end":{"line":150,"column":13}}]},"6":{"type":"branch","line":61,"loc":{"start":{"line":61,"column":36},"end":{"line":62,"column":60}},"locations":[{"start":{"line":61,"column":36},"end":{"line":62,"column":60}}]},"7":{"type":"branch","line":62,"loc":{"start":{"line":62,"column":26},"end":{"line":63,"column":61}},"locations":[{"start":{"line":62,"column":26},"end":{"line":63,"column":61}}]},"8":{"type":"branch","line":71,"loc":{"start":{"line":71,"column":36},"end":{"line":72,"column":60}},"locations":[{"start":{"line":71,"column":36},"end":{"line":72,"column":60}}]},"9":{"type":"branch","line":72,"loc":{"start":{"line":72,"column":26},"end":{"line":73,"column":61}},"locations":[{"start":{"line":72,"column":26},"end":{"line":73,"column":61}}]},"10":{"type":"branch","line":95,"loc":{"start":{"line":95,"column":13},"end":{"line":126,"column":20}},"locations":[{"start":{"line":95,"column":13},"end":{"line":126,"column":20}}]},"11":{"type":"branch","line":103,"loc":{"start":{"line":103,"column":26},"end":{"line":104,"column":64}},"locations":[{"start":{"line":103,"column":26},"end":{"line":104,"column":64}}]},"12":{"type":"branch","line":117,"loc":{"start":{"line":117,"column":112},"end":{"line":117,"column":129}},"locations":[{"start":{"line":117,"column":112},"end":{"line":117,"column":129}}]},"13":{"type":"branch","line":131,"loc":{"start":{"line":131,"column":15},"end":{"line":135,"column":22}},"locations":[{"start":{"line":131,"column":15},"end":{"line":135,"column":22}}]},"14":{"type":"branch","line":138,"loc":{"start":{"line":138,"column":15},"end":{"line":143,"column":22}},"locations":[{"start":{"line":138,"column":15},"end":{"line":143,"column":22}}]},"15":{"type":"branch","line":142,"loc":{"start":{"line":142,"column":71},"end":{"line":142,"column":97}},"locations":[{"start":{"line":142,"column":71},"end":{"line":142,"column":97}}]},"16":{"type":"branch","line":146,"loc":{"start":{"line":146,"column":15},"end":{"line":146,"column":37}},"locations":[{"start":{"line":146,"column":15},"end":{"line":146,"column":37}}]},"17":{"type":"branch","line":146,"loc":{"start":{"line":146,"column":24},"end":{"line":146,"column":48}},"locations":[{"start":{"line":146,"column":24},"end":{"line":146,"column":48}}]},"18":{"type":"branch","line":146,"loc":{"start":{"line":146,"column":38},"end":{"line":147,"column":51}},"locations":[{"start":{"line":146,"column":38},"end":{"line":147,"column":51}}]},"19":{"type":"branch","line":153,"loc":{"start":{"line":153,"column":22},"end":{"line":168,"column":16}},"locations":[{"start":{"line":153,"column":22},"end":{"line":168,"column":16}}]},"20":{"type":"branch","line":33,"loc":{"start":{"line":33,"column":21},"end":{"line":33,"column":50}},"locations":[{"start":{"line":33,"column":21},"end":{"line":33,"column":50}}]},"21":{"type":"branch","line":69,"loc":{"start":{"line":69,"column":29},"end":{"line":69,"column":56}},"locations":[{"start":{"line":69,"column":29},"end":{"line":69,"column":56}}]},"22":{"type":"branch","line":84,"loc":{"start":{"line":84,"column":28},"end":{"line":84,"column":68}},"locations":[{"start":{"line":84,"column":28},"end":{"line":84,"column":68}}]},"23":{"type":"branch","line":163,"loc":{"start":{"line":163,"column":23},"end":{"line":163,"column":50}},"locations":[{"start":{"line":163,"column":23},"end":{"line":163,"column":50}}]}},"b":{"0":[9],"1":[8],"2":[1],"3":[1],"4":[8],"5":[8],"6":[6],"7":[2],"8":[2],"9":[6],"10":[7],"11":[0],"12":[0],"13":[1],"14":[1],"15":[0],"16":[6],"17":[6],"18":[6],"19":[1],"20":[1],"21":[1],"22":[1],"23":[1]},"fnMap":{"0":{"name":"TopRisk","decl":{"start":{"line":7,"column":0},"end":{"line":174,"column":1}},"loc":{"start":{"line":7,"column":0},"end":{"line":174,"column":1}},"line":7},"1":{"name":"onClick","decl":{"start":{"line":27,"column":21},"end":{"line":27,"column":52}},"loc":{"start":{"line":27,"column":21},"end":{"line":27,"column":52}},"line":27},"2":{"name":"onClick","decl":{"start":{"line":33,"column":21},"end":{"line":33,"column":50}},"loc":{"start":{"line":33,"column":21},"end":{"line":33,"column":50}},"line":33},"3":{"name":"onClick","decl":{"start":{"line":59,"column":29},"end":{"line":59,"column":55}},"loc":{"start":{"line":59,"column":29},"end":{"line":59,"column":55}},"line":59},"4":{"name":"onClick","decl":{"start":{"line":69,"column":29},"end":{"line":69,"column":56}},"loc":{"start":{"line":69,"column":29},"end":{"line":69,"column":56}},"line":69},"5":{"name":"onChange","decl":{"start":{"line":84,"column":28},"end":{"line":84,"column":68}},"loc":{"start":{"line":84,"column":28},"end":{"line":84,"column":68}},"line":84},"6":{"name":"onClick","decl":{"start":{"line":163,"column":23},"end":{"line":163,"column":50}},"loc":{"start":{"line":163,"column":23},"end":{"line":163,"column":50}},"line":163}},"f":{"0":9,"1":0,"2":1,"3":0,"4":1,"5":1,"6":1}}
,"/Users/fabiangonzalez/Documents/oscar-dependency-observatory/oscar-dependency-observatory/frontend/src/services/api.ts": {"path":"/Users/fabiangonzalez/Documents/oscar-dependency-observatory/oscar-dependency-observatory/frontend/src/services/api.ts","all":false,"statementMap":{"0":{"start":{"line":1,"column":0},"end":{"line":1,"column":26}},"4":{"start":{"line":5,"column":0},"end":{"line":5,"column":32}},"5":{"start":{"line":6,"column":0},"end":{"line":6,"column":18}},"6":{"start":{"line":7,"column":0},"end":{"line":7,"column":12}},"7":{"start":{"line":8,"column":0},"end":{"line":8,"column":39}},"8":{"start":{"line":9,"column":0},"end":{"line":9,"column":4}},"9":{"start":{"line":10,"column":0},"end":{"line":10,"column":3}},"11":{"start":{"line":12,"column":0},"end":{"line":12,"column":40}},"12":{"start":{"line":13,"column":0},"end":{"line":13,"column":20}},"13":{"start":{"line":14,"column":0},"end":{"line":14,"column":22}},"14":{"start":{"line":15,"column":0},"end":{"line":15,"column":17}},"15":{"start":{"line":16,"column":0},"end":{"line":16,"column":39}},"16":{"start":{"line":17,"column":0},"end":{"line":17,"column":63}},"17":{"start":{"line":18,"column":0},"end":{"line":18,"column":94}},"18":{"start":{"line":19,"column":0},"end":{"line":19,"column":4}},"19":{"start":{"line":20,"column":0},"end":{"line":20,"column":23}},"20":{"start":{"line":21,"column":0},"end":{"line":21,"column":2}},"22":{"start":{"line":23,"column":0},"end":{"line":23,"column":41}},"23":{"start":{"line":24,"column":0},"end":{"line":24,"column":20}},"24":{"start":{"line":25,"column":0},"end":{"line":25,"column":22}},"25":{"start":{"line":26,"column":0},"end":{"line":26,"column":17}},"26":{"start":{"line":27,"column":0},"end":{"line":27,"column":40}},"27":{"start":{"line":28,"column":0},"end":{"line":28,"column":64}},"28":{"start":{"line":29,"column":0},"end":{"line":29,"column":109}},"29":{"start":{"line":30,"column":0},"end":{"line":30,"column":4}},"30":{"start":{"line":31,"column":0},"end":{"line":31,"column":23}},"31":{"start":{"line":32,"column":0},"end":{"line":32,"column":2}},"33":{"start":{"line":34,"column":0},"end":{"line":34,"column":110}},"34":{"start":{"line":35,"column":0},"end":{"line":35,"column":80}},"35":{"start":{"line":36,"column":0},"end":{"line":36,"column":32}},"36":{"start":{"line":37,"column":0},"end":{"line":37,"column":5}},"37":{"start":{"line":38,"column":0},"end":{"line":38,"column":23}},"38":{"start":{"line":39,"column":0},"end":{"line":39,"column":2}},"40":{"start":{"line":41,"column":0},"end":{"line":41,"column":92}},"41":{"start":{"line":42,"column":0},"end":{"line":42,"column":81}},"42":{"start":{"line":43,"column":0},"end":{"line":43,"column":25}},"43":{"start":{"line":44,"column":0},"end":{"line":44,"column":5}},"44":{"start":{"line":45,"column":0},"end":{"line":45,"column":23}},"45":{"start":{"line":46,"column":0},"end":{"line":46,"column":2}}},"s":{"0":1,"4":1,"5":1,"6":1,"7":1,"8":1,"9":1,"11":1,"12":1,"13":1,"14":1,"15":1,"16":1,"17":1,"18":1,"19":1,"20":1,"22":1,"23":1,"24":1,"25":1,"26":1,"27":1,"28":1,"29":1,"30":1,"31":1,"33":1,"34":1,"35":1,"36":1,"37":1,"38":1,"40":1,"41":1,"42":1,"43":1,"44":1,"45":1},"branchMap":{"0":{"type":"branch","line":12,"loc":{"start":{"line":12,"column":33},"end":{"line":21,"column":2}},"locations":[{"start":{"line":12,"column":33},"end":{"line":21,"column":2}}]},"1":{"type":"branch","line":23,"loc":{"start":{"line":23,"column":34},"end":{"line":32,"column":2}},"locations":[{"start":{"line":23,"column":34},"end":{"line":32,"column":2}}]},"2":{"type":"branch","line":34,"loc":{"start":{"line":34,"column":26},"end":{"line":39,"column":2}},"locations":[{"start":{"line":34,"column":26},"end":{"line":39,"column":2}}]},"3":{"type":"branch","line":41,"loc":{"start":{"line":41,"column":27},"end":{"line":46,"column":2}},"locations":[{"start":{"line":41,"column":27},"end":{"line":46,"column":2}}]}},"b":{"0":[1],"1":[1],"2":[1],"3":[1]},"fnMap":{"0":{"name":"getPackageDetails","decl":{"start":{"line":12,"column":33},"end":{"line":21,"column":2}},"loc":{"start":{"line":12,"column":33},"end":{"line":21,"column":2}},"line":12},"1":{"name":"getTransitiveGraph","decl":{"start":{"line":23,"column":34},"end":{"line":32,"column":2}},"loc":{"start":{"line":23,"column":34},"end":{"line":32,"column":2}},"line":23},"2":{"name":"getTopRisk","decl":{"start":{"line":34,"column":26},"end":{"line":39,"column":2}},"loc":{"start":{"line":34,"column":26},"end":{"line":39,"column":2}},"line":34},"3":{"name":"getCoverage","decl":{"start":{"line":41,"column":27},"end":{"line":46,"column":2}},"loc":{"start":{"line":41,"column":27},"end":{"line":46,"column":2}},"line":41}},"f":{"0":1,"1":1,"2":1,"3":1}}
}
